#
# There is insufficient memory for the Java Runtime Environment to continue.
# Native memory allocation (mmap) failed to map 67108864 bytes for G1 virtual space
# Possible reasons:
#   The system is out of physical RAM or swap space
#   The process is running with CompressedOops enabled, and the Java Heap may be blocking the growth of the native heap
# Possible solutions:
#   Reduce memory load on the system
#   Increase physical memory or swap space
#   Check if swap backing store is full
#   Decrease Java heap size (-Xmx/-Xms)
#   Decrease number of Java threads
#   Decrease Java thread stack sizes (-Xss)
#   Set larger code cache with -XX:ReservedCodeCacheSize=
#   JVM is running with Unscaled Compressed Oops mode in which the Java heap is
#     placed in the first 4GB address space. The Java Heap base address is the
#     maximum limit for the native heap growth. Please use -XX:HeapBaseMinAddress
#     to set the Java Heap base and to place the Java Heap above 4GB virtual address.
# This output file may be truncated or incomplete.
#
#  Out of Memory Error (os_windows.cpp:3769), pid=2220, tid=6512
#
# JRE version:  (17.0.6) (build )
# Java VM: OpenJDK 64-Bit Server VM (17.0.6+0-b2043.56-10027231, mixed mode, sharing, tiered, compressed oops, compressed class ptrs, g1 gc, windows-amd64)
# No core dump will be written. Minidumps are not enabled by default on client versions of Windows
#

---------------  S U M M A R Y ------------

Command Line: org.jetbrains.kotlin.cli.jvm.K2JVMCompiler @C:\Users\ALIEN\Desktop\ameerunisatailors\build\fluttertoast\20231008_14002977235836949393.compiler.options

Host: Pentium(R) Dual-Core  CPU      E5800  @ 3.20GHz, 2 cores, 3G,  Windows 10 , 64 bit Build 17134 (10.0.17134.753)
Time: Sun Oct  8 14:46:56 2023 India Standard Time elapsed time: 0.486403 seconds (0d 0h 0m 0s)

---------------  T H R E A D  ---------------

Current thread (0x000001e026dccde0):  JavaThread "Unknown thread" [_thread_in_vm, id=6512, stack(0x000000ae20400000,0x000000ae20500000)]

Stack: [0x000000ae20400000,0x000000ae20500000]
Native frames: (J=compiled Java code, j=interpreted, Vv=VM code, C=native code)
V  [jvm.dll+0x683c9a]
V  [jvm.dll+0x8427a4]
V  [jvm.dll+0x843f9e]
V  [jvm.dll+0x844603]
V  [jvm.dll+0x249b75]
V  [jvm.dll+0x680b69]
V  [jvm.dll+0x67505a]
V  [jvm.dll+0x309acb]
V  [jvm.dll+0x310f86]
V  [jvm.dll+0x3608ee]
V  [jvm.dll+0x360b1f]
V  [jvm.dll+0x2dfbf8]
V  [jvm.dll+0x2e0b64]
V  [jvm.dll+0x814091]
V  [jvm.dll+0x36e6a1]
V  [jvm.dll+0x7f35cc]
V  [jvm.dll+0x3f0e8f]
V  [jvm.dll+0x3f29d1]
C  [jli.dll+0x526b]
C  [ucrtbase.dll+0x1e3fe]
C  [KERNEL32.DLL+0x14034]
C  [ntdll.dll+0x73691]


---------------  P R O C E S S  ---------------

Threads class SMR info:
_java_thread_list=0x00007ffe1960c058, length=0, elements={
}

Java Threads: ( => current thread )

Other Threads:
  0x000001e026e0a850 GCTaskThread "GC Thread#0" [stack: 0x000000ae20500000,0x000000ae20600000] [id=9300]
  0x000001e026e14670 ConcurrentGCThread "G1 Main Marker" [stack: 0x000000ae20600000,0x000000ae20700000] [id=10372]
  0x000001e026e14f90 ConcurrentGCThread "G1 Conc#0" [stack: 0x000000ae20700000,0x000000ae20800000] [id=8960]

[error occurred during error reporting (printing all threads), id 0xc0000005, EXCEPTION_ACCESS_VIOLATION (0xc0000005) at pc=0x00007ffe18dc0797]

VM state: not at safepoint (not fully initialized)

VM Mutex/Monitor currently owned by a thread:  ([mutex/lock_event])
[0x000001e026dc8690] Heap_lock - owner thread: 0x000001e026dccde0

Heap address: 0x00000000c0200000, size: 1022 MB, Compressed Oops mode: 32-bit

CDS archive(s) mapped at: [0x0000000000000000-0x0000000000000000-0x0000000000000000), size 0, SharedBaseAddress: 0x0000000800000000, ArchiveRelocationMode: 0.
Narrow klass base: 0x0000000000000000, Narrow klass shift: 0, Narrow klass range: 0x0

GC Precious Log:
<Empty>

Heap:
 garbage-first heap   total 0K, used 0K [0x00000000c0200000, 0x0000000100000000)
  region size 1024K, 0 young (0K), 0 survivors (0K)

[error occurred during error reporting (printing heap information), id 0xc0000005, EXCEPTION_ACCESS_VIOLATION (0xc0000005) at pc=0x00007ffe191ada89]

GC Heap History (0 events):
No events

Dll operation events (1 events):
Event: 0.315 Loaded shared library C:\Program Files\Android\Android Studio\jbr\bin\java.dll

Deoptimization events (0 events):
No events

Classes unloaded (0 events):
No events

Classes redefined (0 events):
No events

Internal exceptions (0 events):
No events

VM Operations (0 events):
No events

Events (0 events):
No events


Dynamic libraries:
0x00007ff6b2fa0000 - 0x00007ff6b2faa000 	C:\Program Files\Android\Android Studio\jbr\bin\java.exe
0x00007ffe2d9f0000 - 0x00007ffe2dbd1000 	C:\WINDOWS\SYSTEM32\ntdll.dll
0x00007ffe2d220000 - 0x00007ffe2d2d1000 	C:\WINDOWS\System32\KERNEL32.DLL
0x00007ffe2abf0000 - 0x00007ffe2ae63000 	C:\WINDOWS\System32\KERNELBASE.dll
0x00007ffe2aaf0000 - 0x00007ffe2abe8000 	C:\WINDOWS\System32\ucrtbase.dll
0x00007ffe1a060000 - 0x00007ffe1a077000 	C:\Program Files\Android\Android Studio\jbr\bin\jli.dll
0x00007ffe2c9b0000 - 0x00007ffe2cb40000 	C:\WINDOWS\System32\USER32.dll
0x00007ffe29e50000 - 0x00007ffe29e70000 	C:\WINDOWS\System32\win32u.dll
0x00007ffe2af10000 - 0x00007ffe2af38000 	C:\WINDOWS\System32\GDI32.dll
0x00007ffe2a060000 - 0x00007ffe2a1f1000 	C:\WINDOWS\System32\gdi32full.dll
0x00007ffe29db0000 - 0x00007ffe29e4f000 	C:\WINDOWS\System32\msvcp_win.dll
0x00007ffe1cb60000 - 0x00007ffe1cb7b000 	C:\Program Files\Android\Android Studio\jbr\bin\VCRUNTIME140.dll
0x00007ffe17130000 - 0x00007ffe17399000 	C:\WINDOWS\WinSxS\amd64_microsoft.windows.common-controls_6595b64144ccf1df_6.0.17134.1304_none_d3fbe61b7c93d9f0\COMCTL32.dll
0x00007ffe2ae70000 - 0x00007ffe2af0e000 	C:\WINDOWS\System32\msvcrt.dll
0x00007ffe2cd30000 - 0x00007ffe2d051000 	C:\WINDOWS\System32\combase.dll
0x00007ffe2cba0000 - 0x00007ffe2ccc4000 	C:\WINDOWS\System32\RPCRT4.dll
0x00007ffe2a300000 - 0x00007ffe2a379000 	C:\WINDOWS\System32\bcryptPrimitives.dll
0x00007ffe2d990000 - 0x00007ffe2d9bd000 	C:\WINDOWS\System32\IMM32.DLL
0x00007ffe23040000 - 0x00007ffe2304c000 	C:\Program Files\Android\Android Studio\jbr\bin\vcruntime140_1.dll
0x00007ffe1e5c0000 - 0x00007ffe1e64d000 	C:\Program Files\Android\Android Studio\jbr\bin\msvcp140.dll
0x00007ffe18ad0000 - 0x00007ffe1973e000 	C:\Program Files\Android\Android Studio\jbr\bin\server\jvm.dll
0x00007ffe2d480000 - 0x00007ffe2d521000 	C:\WINDOWS\System32\ADVAPI32.dll
0x00007ffe2d1c0000 - 0x00007ffe2d21b000 	C:\WINDOWS\System32\sechost.dll
0x00007ffe23630000 - 0x00007ffe23639000 	C:\WINDOWS\SYSTEM32\WSOCK32.dll
0x00007ffe2c850000 - 0x00007ffe2c8bc000 	C:\WINDOWS\System32\WS2_32.dll
0x00007ffe27a50000 - 0x00007ffe27a73000 	C:\WINDOWS\SYSTEM32\WINMM.dll
0x00007ffe1e7f0000 - 0x00007ffe1e7fa000 	C:\WINDOWS\SYSTEM32\VERSION.dll
0x00007ffe27a20000 - 0x00007ffe27a4a000 	C:\WINDOWS\SYSTEM32\WINMMBASE.dll
0x00007ffe2a2b0000 - 0x00007ffe2a2f9000 	C:\WINDOWS\System32\cfgmgr32.dll
0x00007ffe29cf0000 - 0x00007ffe29d01000 	C:\WINDOWS\System32\kernel.appcore.dll
0x00007ffe1e680000 - 0x00007ffe1e68a000 	C:\Program Files\Android\Android Studio\jbr\bin\jimage.dll
0x00007ffe25460000 - 0x00007ffe25629000 	C:\WINDOWS\SYSTEM32\DBGHELP.DLL
0x00007ffe25280000 - 0x00007ffe252a9000 	C:\WINDOWS\SYSTEM32\dbgcore.DLL
0x00007ffe1ac70000 - 0x00007ffe1ac95000 	C:\Program Files\Android\Android Studio\jbr\bin\java.dll

dbghelp: loaded successfully - version: 4.0.5 - missing functions: none
symbol engine: initialized successfully - sym options: 0x614 - pdb path: .;C:\Program Files\Android\Android Studio\jbr\bin;C:\WINDOWS\SYSTEM32;C:\WINDOWS\WinSxS\amd64_microsoft.windows.common-controls_6595b64144ccf1df_6.0.17134.1304_none_d3fbe61b7c93d9f0;C:\Program Files\Android\Android Studio\jbr\bin\server

VM Arguments:
java_command: org.jetbrains.kotlin.cli.jvm.K2JVMCompiler @C:\Users\ALIEN\Desktop\ameerunisatailors\build\fluttertoast\20231008_14002977235836949393.compiler.options
java_class_path (initial): C:\Users\ALIEN\.gradle\caches\modules-2\files-2.1\org.jetbrains.kotlin\kotlin-compiler-embeddable\1.7.10\909803167c98606fcf22b4c848647c68e351d48d\kotlin-compiler-embeddable-1.7.10.jar;C:\Users\ALIEN\.gradle\caches\modules-2\files-2.1\org.jetbrains.kotlin\kotlin-reflect\1.7.10\165e600dfea6185cf5efa700756294cc4904dbeb\kotlin-reflect-1.7.10.jar;C:\Users\ALIEN\.gradle\caches\modules-2\files-2.1\org.jetbrains.kotlin\kotlin-stdlib\1.7.10\d2abf9e77736acc4450dc4a3f707fa2c10f5099d\kotlin-stdlib-1.7.10.jar;C:\Users\ALIEN\.gradle\caches\modules-2\files-2.1\org.jetbrains.kotlin\kotlin-script-runtime\1.7.10\c99c87a6988d8fd8d5142e9ed5c9f34a7cf561ee\kotlin-script-runtime-1.7.10.jar;C:\Users\ALIEN\.gradle\caches\modules-2\files-2.1\org.jetbrains.kotlin\kotlin-daemon-embeddable\1.7.10\3a9f7aef7080d3ae63126cbba4f827ed664f32fa\kotlin-daemon-embeddable-1.7.10.jar;C:\Users\ALIEN\.gradle\caches\modules-2\files-2.1\org.jetbrains.intellij.deps\trove4j\1.0.20200330\3afb14d5f9ceb459d724e907a21145e8ff394f02\trove4j-1.0.20200330.jar;C:\Users\ALIEN\.gradle\caches\modules-2\files-2.1\net.java.dev.jna\jna\5.6.0\330f2244e9030119ab3030fc3fededc86713d9cc\jna-5.6.0.jar;C:\Users\ALIEN\.gradle\caches\modules-2\files-2.1\org.jetbrains.kotlin\kotlin-stdlib-common\1.7.10\bac80c520d0a9e3f3673bc2658c6ed02ef45a76a\kotlin-stdlib-common-1.7.10.jar;C:\Users\ALIEN\.gradle\caches\modules-2\files-2.1\org.jetbrains\annotations\13.0\919f0dfe192fb4e063e7dacadee7f8bb9a2672a9\annotations-13.0.jar
Launcher Type: SUN_STANDARD

[Global flags]
     intx CICompilerCount                          = 2                                         {product} {ergonomic}
     uint ConcGCThreads                            = 1                                         {product} {ergonomic}
     uint G1ConcRefinementThreads                  = 2                                         {product} {ergonomic}
   size_t G1HeapRegionSize                         = 1048576                                   {product} {ergonomic}
    uintx GCDrainStackTargetSize                   = 64                                        {product} {ergonomic}
   size_t InitialHeapSize                          = 67108864                                  {product} {ergonomic}
   size_t MarkStackSize                            = 4194304                                   {product} {ergonomic}
   size_t MaxHeapSize                              = 1071644672                                {product} {ergonomic}
   size_t MinHeapDeltaBytes                        = 1048576                                   {product} {ergonomic}
   size_t MinHeapSize                              = 8388608                                   {product} {ergonomic}
    uintx NonNMethodCodeHeapSize                   = 5826188                                {pd product} {ergonomic}
    uintx NonProfiledCodeHeapSize                  = 122916026                              {pd product} {ergonomic}
    uintx ProfiledCodeHeapSize                     = 122916026                              {pd product} {ergonomic}
    uintx ReservedCodeCacheSize                    = 251658240                              {pd product} {ergonomic}
     bool SegmentedCodeCache                       = true                                      {product} {ergonomic}
   size_t SoftMaxHeapSize                          = 1071644672                             {manageable} {ergonomic}
     bool UseCompressedClassPointers               = true                           {product lp64_product} {ergonomic}
     bool UseCompressedOops                        = true                           {product lp64_product} {ergonomic}
     bool UseG1GC                                  = true                                      {product} {ergonomic}
     bool UseLargePagesIndividualAllocation        = false                                  {pd product} {ergonomic}

Logging:
Log output configuration:
 #0: stdout all=warning uptime,level,tags
 #1: stderr all=off uptime,level,tags

Environment Variables:
JAVA_HOME=C:\Program Files\Android\Android Studio\jbr
CLASSPATH=C:\Users\ALIEN\Desktop\ameerunisatailors\android\\gradle\wrapper\gradle-wrapper.jar
PATH=C:\Program Files\Android\Android Studio\jbr\bin;C:\Program Files\Common Files\Oracle\Java\javapath;C:\Program Files (x86)\Common Files\Oracle\Java\javapath;C:\WINDOWS\system32;C:\WINDOWS;C:\WINDOWS\System32\Wbem;C:\WINDOWS\System32\WindowsPowerShell\v1.0\;C:\WINDOWS\System32\OpenSSH\;C:\Program Files\nodejs\;C:\Users\ALIEN\AppData\Local\Programs\Python\Python311\Scripts\;C:\Users\ALIEN\AppData\Local\Programs\Python\Python311\;C:\Users\ALIEN\AppData\Local\Microsoft\WindowsApps;C:\Users\ALIEN\AppData\Local\Programs\Microsoft VS Code\bin;D:\flutter\bin;C:\Users\ALIEN\AppData\Roaming\npm;D:\flutter\bin\mingit\cmd
USERNAME=ALIEN
OS=Windows_NT
PROCESSOR_IDENTIFIER=Intel64 Family 6 Model 23 Stepping 10, GenuineIntel
TMP=C:\Users\ALIEN\AppData\Local\Temp
TEMP=C:\Users\ALIEN\AppData\Local\Temp


JNI global refs:

[error occurred during error reporting (JNI global references), id 0xc0000005, EXCEPTION_ACCESS_VIOLATION (0xc0000005) at pc=0x00007ffe18b87a10]


---------------  S Y S T E M  ---------------

OS:
 Windows 10 , 64 bit Build 17134 (10.0.17134.753)
OS uptime: 0 days 1:55 hours

CPU: total 2 (initial active 2) (2 cores per cpu, 1 threads per core) family 6 model 23 stepping 10 microcode 0xa0c, cx8, cmov, fxsr, mmx, sse, sse2, sse3, ssse3, tsc, clflush

Memory: 4k page, system-wide physical 4085M (192M free)
TotalPageFile size 9085M (AvailPageFile size 30M)
current process WorkingSet (physical memory assigned to process): 9M, peak: 9M
current process commit charge ("private bytes"): 47M, peak: 111M

vm_info: OpenJDK 64-Bit Server VM (17.0.6+0-b2043.56-10027231) for windows-amd64 JRE (17.0.6+0-b2043.56-10027231), built on Apr 28 2023 00:43:19 by "androidbuild" with MS VC++ 16.10 / 16.11 (VS2019)

END.
