#
# There is insufficient memory for the Java Runtime Environment to continue.
# Native memory allocation (malloc) failed to allocate 1016016 bytes for Chunk::new
# Possible reasons:
#   The system is out of physical RAM or swap space
#   The process is running with CompressedOops enabled, and the Java Heap may be blocking the growth of the native heap
# Possible solutions:
#   Reduce memory load on the system
#   Increase physical memory or swap space
#   Check if swap backing store is full
#   Decrease Java heap size (-Xmx/-Xms)
#   Decrease number of Java threads
#   Decrease Java thread stack sizes (-Xss)
#   Set larger code cache with -XX:ReservedCodeCacheSize=
#   JVM is running with Unscaled Compressed Oops mode in which the Java heap is
#     placed in the first 4GB address space. The Java Heap base address is the
#     maximum limit for the native heap growth. Please use -XX:HeapBaseMinAddress
#     to set the Java Heap base and to place the Java Heap above 4GB virtual address.
# This output file may be truncated or incomplete.
#
#  Out of Memory Error (arena.cpp:189), pid=10092, tid=9324
#
# JRE version: OpenJDK Runtime Environment (17.0.6) (build 17.0.6+0-b2043.56-10027231)
# Java VM: OpenJDK 64-Bit Server VM (17.0.6+0-b2043.56-10027231, mixed mode, tiered, compressed oops, compressed class ptrs, g1 gc, windows-amd64)
# No core dump will be written. Minidumps are not enabled by default on client versions of Windows
#

---------------  S U M M A R Y ------------

Command Line: --add-opens=java.base/java.util=ALL-UNNAMED --add-opens=java.base/java.lang=ALL-UNNAMED --add-opens=java.base/java.lang.invoke=ALL-UNNAMED --add-opens=java.base/java.util=ALL-UNNAMED --add-opens=java.prefs/java.util.prefs=ALL-UNNAMED --add-opens=java.prefs/java.util.prefs=ALL-UNNAMED --add-opens=java.base/java.nio.charset=ALL-UNNAMED --add-opens=java.base/java.net=ALL-UNNAMED --add-opens=java.base/java.util.concurrent.atomic=ALL-UNNAMED -Xmx1536M -Dfile.encoding=windows-1252 -Duser.country=IN -Duser.language=en -Duser.variant org.gradle.launcher.daemon.bootstrap.GradleDaemon 7.5

Host: Pentium(R) Dual-Core  CPU      E5800  @ 3.20GHz, 2 cores, 3G,  Windows 10 , 64 bit Build 17134 (10.0.17134.753)
Time: Sun Oct  8 14:50:31 2023 India Standard Time elapsed time: 312.264395 seconds (0d 0h 5m 12s)

---------------  T H R E A D  ---------------

Current thread (0x00000211ffe55ba0):  JavaThread "C2 CompilerThread0" daemon [_thread_in_native, id=9324, stack(0x000000f581200000,0x000000f581300000)]


Current CompileTask:
C2: 312265 15208       4       org.gradle.internal.logging.sink.OutputEventTransformer::onOutput (399 bytes)

Stack: [0x000000f581200000,0x000000f581300000]
Native frames: (J=compiled Java code, j=interpreted, Vv=VM code, C=native code)
V  [jvm.dll+0x683c9a]
V  [jvm.dll+0x8427a4]
V  [jvm.dll+0x843f9e]
V  [jvm.dll+0x844603]
V  [jvm.dll+0x249b75]
V  [jvm.dll+0xabcac]
V  [jvm.dll+0xac27c]
V  [jvm.dll+0x368802]
V  [jvm.dll+0x1bd0b8]
V  [jvm.dll+0x21c359]
V  [jvm.dll+0x21b621]
V  [jvm.dll+0x1a4fdd]
V  [jvm.dll+0x22b098]
V  [jvm.dll+0x229159]
V  [jvm.dll+0x7f81ec]
V  [jvm.dll+0x7f274a]
V  [jvm.dll+0x682ad5]
C  [ucrtbase.dll+0x1e3fe]
C  [KERNEL32.DLL+0x14034]
C  [ntdll.dll+0x73691]


---------------  P R O C E S S  ---------------

Threads class SMR info:
_java_thread_list=0x00000211909c5620, length=64, elements={
0x00000211ecf8e0f0, 0x00000211ffdf5060, 0x00000211ffdf5de0, 0x00000211ffe4f130,
0x00000211ffe50d60, 0x00000211ffe53630, 0x00000211ffe53ef0, 0x00000211ffe55ba0,
0x00000211ffe6db90, 0x0000021185861d60, 0x000002118595bd50, 0x000002118595ca30,
0x0000021186f97b90, 0x00000211873cea50, 0x0000021186766030, 0x000002118703d530,
0x000002118703e870, 0x0000021187040550, 0x000002118703da00, 0x000002118703f6e0,
0x000002118703ed40, 0x0000021188b47cf0, 0x0000021188b47820, 0x0000021188b499d0,
0x00000211888b11d0, 0x00000211888aacc0, 0x000002118ac70330, 0x000002118ac6eff0,
0x000002118ac70cd0, 0x000002118ac729b0, 0x000002118ac6f4c0, 0x0000021188b4a840,
0x0000021188b47350, 0x0000021188b4b1e0, 0x0000021188b4b6b0, 0x0000021188b48b60,
0x0000021188b46e80, 0x0000021188b49030, 0x0000021188b469b0, 0x0000021188b45b40,
0x0000021188b45670, 0x0000021188b464e0, 0x0000021188b49ea0, 0x0000021188b4a370,
0x0000021188b4c050, 0x0000021188b4c520, 0x0000021188b451a0, 0x00000211888ab190,
0x00000211888ad340, 0x00000211888b0d00, 0x00000211888af4f0, 0x00000211888adce0,
0x00000211888ab660, 0x00000211888b0830, 0x00000211888ae1b0, 0x00000211888b16a0,
0x00000211888ae680, 0x00000211888aeb50, 0x00000211888abb30, 0x00000211888af020,
0x00000211888b1b70, 0x000002118703fbb0, 0x0000021187040080, 0x000002118703ded0
}

Java Threads: ( => current thread )
  0x00000211ecf8e0f0 JavaThread "main" [_thread_blocked, id=9644, stack(0x000000f580500000,0x000000f580600000)]
  0x00000211ffdf5060 JavaThread "Reference Handler" daemon [_thread_blocked, id=4932, stack(0x000000f580c00000,0x000000f580d00000)]
  0x00000211ffdf5de0 JavaThread "Finalizer" daemon [_thread_blocked, id=2840, stack(0x000000f580d00000,0x000000f580e00000)]
  0x00000211ffe4f130 JavaThread "Signal Dispatcher" daemon [_thread_blocked, id=7380, stack(0x000000f580e00000,0x000000f580f00000)]
  0x00000211ffe50d60 JavaThread "Attach Listener" daemon [_thread_blocked, id=1220, stack(0x000000f580f00000,0x000000f581000000)]
  0x00000211ffe53630 JavaThread "Service Thread" daemon [_thread_blocked, id=5440, stack(0x000000f581000000,0x000000f581100000)]
  0x00000211ffe53ef0 JavaThread "Monitor Deflation Thread" daemon [_thread_blocked, id=10216, stack(0x000000f581100000,0x000000f581200000)]
=>0x00000211ffe55ba0 JavaThread "C2 CompilerThread0" daemon [_thread_in_native, id=9324, stack(0x000000f581200000,0x000000f581300000)]
  0x00000211ffe6db90 JavaThread "C1 CompilerThread0" daemon [_thread_blocked, id=10752, stack(0x000000f581300000,0x000000f581400000)]
  0x0000021185861d60 JavaThread "Sweeper thread" daemon [_thread_blocked, id=9076, stack(0x000000f581400000,0x000000f581500000)]
  0x000002118595bd50 JavaThread "Common-Cleaner" daemon [_thread_blocked, id=9972, stack(0x000000f581500000,0x000000f581600000)]
  0x000002118595ca30 JavaThread "Notification Thread" daemon [_thread_blocked, id=2708, stack(0x000000f581600000,0x000000f581700000)]
  0x0000021186f97b90 JavaThread "Daemon health stats" [_thread_blocked, id=928, stack(0x000000f581900000,0x000000f581a00000)]
  0x00000211873cea50 JavaThread "Incoming local TCP Connector on port 57599" [_thread_in_native, id=6076, stack(0x000000f581a00000,0x000000f581b00000)]
  0x0000021186766030 JavaThread "Daemon periodic checks" [_thread_blocked, id=10312, stack(0x000000f581b00000,0x000000f581c00000)]
  0x000002118703d530 JavaThread "Cache worker for journal cache (C:\Users\ALIEN\.gradle\caches\journal-1)" [_thread_blocked, id=6976, stack(0x000000f582300000,0x000000f582400000)]
  0x000002118703e870 JavaThread "File lock request listener" [_thread_in_native, id=10948, stack(0x000000f582400000,0x000000f582500000)]
  0x0000021187040550 JavaThread "Cache worker for file hash cache (C:\Users\ALIEN\.gradle\caches\7.5\fileHashes)" [_thread_blocked, id=1388, stack(0x000000f582500000,0x000000f582600000)]
  0x000002118703da00 JavaThread "File watcher server" daemon [_thread_in_native, id=3240, stack(0x000000f582600000,0x000000f582700000)]
  0x000002118703f6e0 JavaThread "File watcher consumer" daemon [_thread_blocked, id=9588, stack(0x000000f582700000,0x000000f582800000)]
  0x000002118703ed40 JavaThread "Cache worker for file content cache (C:\Users\ALIEN\.gradle\caches\7.5\fileContent)" [_thread_blocked, id=552, stack(0x000000f582a00000,0x000000f582b00000)]
  0x0000021188b47cf0 JavaThread "Cache worker for execution history cache (C:\Users\ALIEN\.gradle\caches\7.5\executionHistory)" [_thread_blocked, id=3024, stack(0x000000f582d00000,0x000000f582e00000)]
  0x0000021188b47820 JavaThread "jar transforms" [_thread_blocked, id=8504, stack(0x000000f582f00000,0x000000f583000000)]
  0x0000021188b499d0 JavaThread "jar transforms Thread 2" [_thread_blocked, id=10248, stack(0x000000f583200000,0x000000f583300000)]
  0x00000211888b11d0 JavaThread "Cache worker for kotlin-dsl (C:\Users\ALIEN\.gradle\caches\7.5\kotlin-dsl)" [_thread_blocked, id=3348, stack(0x000000f584800000,0x000000f584900000)]
  0x00000211888aacc0 JavaThread "Memory manager" [_thread_blocked, id=10624, stack(0x000000f584a00000,0x000000f584b00000)]
  0x000002118ac70330 JavaThread "Daemon Thread 2" [_thread_blocked, id=9612, stack(0x000000f580300000,0x000000f580400000)]
  0x000002118ac6eff0 JavaThread "Handler for socket connection from /127.0.0.1:57599 to /127.0.0.1:57774" [_thread_in_native, id=208, stack(0x000000f580400000,0x000000f580500000)]
  0x000002118ac70cd0 JavaThread "Cancel handler" [_thread_blocked, id=4172, stack(0x000000f581c00000,0x000000f581d00000)]
  0x000002118ac729b0 JavaThread "Daemon worker Thread 2" [_thread_in_native, id=11224, stack(0x000000f581d00000,0x000000f581e00000)]
  0x000002118ac6f4c0 JavaThread "Asynchronous log dispatcher for DefaultDaemonConnection: socket connection from /127.0.0.1:57599 to /127.0.0.1:57774" [_thread_blocked, id=3108, stack(0x000000f581e00000,0x000000f581f00000)]
  0x0000021188b4a840 JavaThread "Stdin handler" [_thread_blocked, id=4384, stack(0x000000f581f00000,0x000000f582000000)]
  0x0000021188b47350 JavaThread "Daemon client event forwarder" [_thread_blocked, id=4248, stack(0x000000f582000000,0x000000f582100000)]
  0x0000021188b4b1e0 JavaThread "Cache worker for checksums cache (C:\Users\ALIEN\Desktop\ameerunisatailors\android\.gradle\7.5\checksums)" [_thread_blocked, id=8720, stack(0x000000f582100000,0x000000f582200000)]
  0x0000021188b4b6b0 JavaThread "Cache worker for cache directory md-rule (C:\Users\ALIEN\.gradle\caches\7.5\md-rule)" [_thread_blocked, id=3340, stack(0x000000f582200000,0x000000f582300000)]
  0x0000021188b48b60 JavaThread "Cache worker for file hash cache (C:\Users\ALIEN\Desktop\ameerunisatailors\android\.gradle\7.5\fileHashes)" [_thread_blocked, id=5376, stack(0x000000f582800000,0x000000f582900000)]
  0x0000021188b46e80 JavaThread "Cache worker for cache directory md-supplier (C:\Users\ALIEN\.gradle\caches\7.5\md-supplier)" [_thread_blocked, id=7528, stack(0x000000f582900000,0x000000f582a00000)]
  0x0000021188b49030 JavaThread "Cache worker for dependencies-accessors (C:\Users\ALIEN\Desktop\ameerunisatailors\android\.gradle\7.5\dependencies-accessors)" [_thread_blocked, id=3948, stack(0x000000f582b00000,0x000000f582c00000)]
  0x0000021188b469b0 JavaThread "Cache worker for Build Output Cleanup Cache (C:\Users\ALIEN\Desktop\ameerunisatailors\android\.gradle\buildOutputCleanup)" [_thread_blocked, id=9640, stack(0x000000f582c00000,0x000000f582d00000)]
  0x0000021188b45b40 JavaThread "Unconstrained build operations" [_thread_blocked, id=4060, stack(0x000000f582e00000,0x000000f582f00000)]
  0x0000021188b45670 JavaThread "Unconstrained build operations Thread 2" [_thread_blocked, id=3176, stack(0x000000f583300000,0x000000f583400000)]
  0x0000021188b464e0 JavaThread "Unconstrained build operations Thread 3" [_thread_blocked, id=10016, stack(0x000000f583400000,0x000000f583500000)]
  0x0000021188b49ea0 JavaThread "Unconstrained build operations Thread 4" [_thread_blocked, id=4176, stack(0x000000f583500000,0x000000f583600000)]
  0x0000021188b4a370 JavaThread "Unconstrained build operations Thread 5" [_thread_blocked, id=9816, stack(0x000000f583600000,0x000000f583700000)]
  0x0000021188b4c050 JavaThread "Unconstrained build operations Thread 6" [_thread_blocked, id=4728, stack(0x000000f583700000,0x000000f583800000)]
  0x0000021188b4c520 JavaThread "Unconstrained build operations Thread 7" [_thread_blocked, id=7668, stack(0x000000f583800000,0x000000f583900000)]
  0x0000021188b451a0 JavaThread "Unconstrained build operations Thread 8" [_thread_blocked, id=6792, stack(0x000000f583900000,0x000000f583a00000)]
  0x00000211888ab190 JavaThread "Unconstrained build operations Thread 9" [_thread_blocked, id=7284, stack(0x000000f583a00000,0x000000f583b00000)]
  0x00000211888ad340 JavaThread "Unconstrained build operations Thread 10" [_thread_blocked, id=6844, stack(0x000000f583b00000,0x000000f583c00000)]
  0x00000211888b0d00 JavaThread "Unconstrained build operations Thread 11" [_thread_blocked, id=7980, stack(0x000000f583c00000,0x000000f583d00000)]
  0x00000211888af4f0 JavaThread "Unconstrained build operations Thread 12" [_thread_blocked, id=10000, stack(0x000000f583d00000,0x000000f583e00000)]
  0x00000211888adce0 JavaThread "Unconstrained build operations Thread 13" [_thread_blocked, id=5388, stack(0x000000f583e00000,0x000000f583f00000)]
  0x00000211888ab660 JavaThread "Unconstrained build operations Thread 14" [_thread_blocked, id=9636, stack(0x000000f583f00000,0x000000f584000000)]
  0x00000211888b0830 JavaThread "Unconstrained build operations Thread 15" [_thread_blocked, id=5768, stack(0x000000f584000000,0x000000f584100000)]
  0x00000211888ae1b0 JavaThread "Unconstrained build operations Thread 16" [_thread_blocked, id=1240, stack(0x000000f584100000,0x000000f584200000)]
  0x00000211888b16a0 JavaThread "Unconstrained build operations Thread 17" [_thread_blocked, id=8024, stack(0x000000f584200000,0x000000f584300000)]
  0x00000211888ae680 JavaThread "Unconstrained build operations Thread 18" [_thread_blocked, id=9448, stack(0x000000f584300000,0x000000f584400000)]
  0x00000211888aeb50 JavaThread "Unconstrained build operations Thread 19" [_thread_blocked, id=3436, stack(0x000000f584400000,0x000000f584500000)]
  0x00000211888abb30 JavaThread "Unconstrained build operations Thread 20" [_thread_blocked, id=9500, stack(0x000000f584500000,0x000000f584600000)]
  0x00000211888af020 JavaThread "File lock release action executor Thread 4" [_thread_blocked, id=6900, stack(0x000000f584600000,0x000000f584700000)]
  0x00000211888b1b70 JavaThread "Cache worker for Build Output Cleanup Cache (D:\flutter\packages\flutter_tools\gradle\.gradle\buildOutputCleanup)" [_thread_blocked, id=10916, stack(0x000000f584700000,0x000000f584800000)]
  0x000002118703fbb0 JavaThread "included builds" [_thread_blocked, id=8652, stack(0x000000f584900000,0x000000f584a00000)]
  0x0000021187040080 JavaThread "Execution worker" [_thread_blocked, id=10148, stack(0x000000f584b00000,0x000000f584c00000)]
  0x000002118703ded0 JavaThread "Cache worker for execution history cache (D:\flutter\packages\flutter_tools\gradle\.gradle\7.5\executionHistory)" [_thread_blocked, id=3996, stack(0x000000f584c00000,0x000000f584d00000)]

Other Threads:
  0x00000211ffdf00f0 VMThread "VM Thread" [stack: 0x000000f580b00000,0x000000f580c00000] [id=9440]
  0x0000021185957a10 WatcherThread [stack: 0x000000f581700000,0x000000f581800000] [id=196]
  0x00000211ecfd7e60 GCTaskThread "GC Thread#0" [stack: 0x000000f580600000,0x000000f580700000] [id=7068]
  0x0000021185a07420 GCTaskThread "GC Thread#1" [stack: 0x000000f581800000,0x000000f581900000] [id=11236]
  0x00000211ecfe4cb0 ConcurrentGCThread "G1 Main Marker" [stack: 0x000000f580700000,0x000000f580800000] [id=1964]
  0x00000211ecfe55d0 ConcurrentGCThread "G1 Conc#0" [stack: 0x000000f580800000,0x000000f580900000] [id=7452]
  0x00000211ed0290c0 ConcurrentGCThread "G1 Refine#0" [stack: 0x000000f580900000,0x000000f580a00000] [id=9768]
  0x00000211ed02aa00 ConcurrentGCThread "G1 Service" [stack: 0x000000f580a00000,0x000000f580b00000] [id=212]

Threads with active compile tasks:
C2 CompilerThread0   312324 15208       4       org.gradle.internal.logging.sink.OutputEventTransformer::onOutput (399 bytes)

VM state: not at safepoint (normal execution)

VM Mutex/Monitor currently owned by a thread: None

Heap address: 0x00000000a0000000, size: 1536 MB, Compressed Oops mode: 32-bit

CDS archive(s) not mapped
Compressed class space mapped at: 0x0000000100000000-0x0000000140000000, reserved size: 1073741824
Narrow klass base: 0x0000000000000000, Narrow klass shift: 3, Narrow klass range: 0x140000000

GC Precious Log:
 CPUs: 2 total, 2 available
 Memory: 4085M
 Large Page Support: Disabled
 NUMA Support: Disabled
 Compressed Oops: Enabled (32-bit)
 Heap Region Size: 1M
 Heap Min Capacity: 8M
 Heap Initial Capacity: 64M
 Heap Max Capacity: 1536M
 Pre-touch: Disabled
 Parallel Workers: 2
 Concurrent Workers: 1
 Concurrent Refinement Workers: 2
 Periodic GC: Disabled

Heap:
 garbage-first heap   total 328704K, used 187328K [0x00000000a0000000, 0x0000000100000000)
  region size 1024K, 11 young (11264K), 7 survivors (7168K)
 Metaspace       used 103874K, committed 105152K, reserved 1146880K
  class space    used 14281K, committed 14848K, reserved 1048576K

Heap Regions: E=young(eden), S=young(survivor), O=old, HS=humongous(starts), HC=humongous(continues), CS=collection set, F=free, OA=open archive, CA=closed archive, TAMS=top-at-mark-start (previous, next)
|   0|0x00000000a0000000, 0x00000000a0100000, 0x00000000a0100000|100%| O|  |TAMS 0x00000000a0100000, 0x00000000a0000000| Untracked 
|   1|0x00000000a0100000, 0x00000000a0200000, 0x00000000a0200000|100%|HS|  |TAMS 0x00000000a0200000, 0x00000000a0100000| Complete 
|   2|0x00000000a0200000, 0x00000000a0300000, 0x00000000a0300000|100%|HC|  |TAMS 0x00000000a0300000, 0x00000000a0200000| Complete 
|   3|0x00000000a0300000, 0x00000000a0400000, 0x00000000a0400000|100%|HC|  |TAMS 0x00000000a0400000, 0x00000000a0300000| Complete 
|   4|0x00000000a0400000, 0x00000000a0500000, 0x00000000a0500000|100%| O|  |TAMS 0x00000000a0500000, 0x00000000a0400000| Untracked 
|   5|0x00000000a0500000, 0x00000000a0600000, 0x00000000a0600000|100%| O|  |TAMS 0x00000000a0600000, 0x00000000a0500000| Untracked 
|   6|0x00000000a0600000, 0x00000000a0700000, 0x00000000a0700000|100%| O|  |TAMS 0x00000000a0700000, 0x00000000a0600000| Untracked 
|   7|0x00000000a0700000, 0x00000000a0800000, 0x00000000a0800000|100%| O|  |TAMS 0x00000000a0800000, 0x00000000a0700000| Untracked 
|   8|0x00000000a0800000, 0x00000000a0900000, 0x00000000a0900000|100%| O|  |TAMS 0x00000000a0900000, 0x00000000a0800000| Untracked 
|   9|0x00000000a0900000, 0x00000000a0a00000, 0x00000000a0a00000|100%| O|  |TAMS 0x00000000a0a00000, 0x00000000a0900000| Untracked 
|  10|0x00000000a0a00000, 0x00000000a0b00000, 0x00000000a0b00000|100%| O|  |TAMS 0x00000000a0b00000, 0x00000000a0a00000| Untracked 
|  11|0x00000000a0b00000, 0x00000000a0c00000, 0x00000000a0c00000|100%| O|  |TAMS 0x00000000a0c00000, 0x00000000a0b00000| Untracked 
|  12|0x00000000a0c00000, 0x00000000a0d00000, 0x00000000a0d00000|100%| O|  |TAMS 0x00000000a0d00000, 0x00000000a0c00000| Untracked 
|  13|0x00000000a0d00000, 0x00000000a0e00000, 0x00000000a0e00000|100%| O|  |TAMS 0x00000000a0e00000, 0x00000000a0d00000| Untracked 
|  14|0x00000000a0e00000, 0x00000000a0f00000, 0x00000000a0f00000|100%| O|  |TAMS 0x00000000a0f00000, 0x00000000a0e00000| Untracked 
|  15|0x00000000a0f00000, 0x00000000a0ff6e00, 0x00000000a1000000| 96%| O|  |TAMS 0x00000000a0ff6e00, 0x00000000a0f00000| Untracked 
|  16|0x00000000a1000000, 0x00000000a1100000, 0x00000000a1100000|100%| O|  |TAMS 0x00000000a1100000, 0x00000000a1000000| Untracked 
|  17|0x00000000a1100000, 0x00000000a1200000, 0x00000000a1200000|100%| O|  |TAMS 0x00000000a1200000, 0x00000000a1100000| Untracked 
|  18|0x00000000a1200000, 0x00000000a1300000, 0x00000000a1300000|100%| O|  |TAMS 0x00000000a1300000, 0x00000000a1200000| Untracked 
|  19|0x00000000a1300000, 0x00000000a1400000, 0x00000000a1400000|100%| O|  |TAMS 0x00000000a1400000, 0x00000000a1300000| Untracked 
|  20|0x00000000a1400000, 0x00000000a1500000, 0x00000000a1500000|100%| O|  |TAMS 0x00000000a1500000, 0x00000000a1400000| Untracked 
|  21|0x00000000a1500000, 0x00000000a1600000, 0x00000000a1600000|100%| O|  |TAMS 0x00000000a1600000, 0x00000000a1500000| Untracked 
|  22|0x00000000a1600000, 0x00000000a1700000, 0x00000000a1700000|100%| O|  |TAMS 0x00000000a1700000, 0x00000000a1600000| Untracked 
|  23|0x00000000a1700000, 0x00000000a1800000, 0x00000000a1800000|100%| O|  |TAMS 0x00000000a1800000, 0x00000000a1700000| Untracked 
|  24|0x00000000a1800000, 0x00000000a1900000, 0x00000000a1900000|100%| O|  |TAMS 0x00000000a1900000, 0x00000000a1800000| Untracked 
|  25|0x00000000a1900000, 0x00000000a1a00000, 0x00000000a1a00000|100%| O|  |TAMS 0x00000000a1a00000, 0x00000000a1900000| Untracked 
|  26|0x00000000a1a00000, 0x00000000a1b00000, 0x00000000a1b00000|100%| O|  |TAMS 0x00000000a1b00000, 0x00000000a1a00000| Untracked 
|  27|0x00000000a1b00000, 0x00000000a1c00000, 0x00000000a1c00000|100%| O|  |TAMS 0x00000000a1c00000, 0x00000000a1b00000| Untracked 
|  28|0x00000000a1c00000, 0x00000000a1d00000, 0x00000000a1d00000|100%| O|  |TAMS 0x00000000a1d00000, 0x00000000a1c00000| Untracked 
|  29|0x00000000a1d00000, 0x00000000a1e00000, 0x00000000a1e00000|100%| O|  |TAMS 0x00000000a1e00000, 0x00000000a1d00000| Untracked 
|  30|0x00000000a1e00000, 0x00000000a1f00000, 0x00000000a1f00000|100%| O|  |TAMS 0x00000000a1f00000, 0x00000000a1e00000| Untracked 
|  31|0x00000000a1f00000, 0x00000000a2000000, 0x00000000a2000000|100%| O|  |TAMS 0x00000000a2000000, 0x00000000a1f00000| Untracked 
|  32|0x00000000a2000000, 0x00000000a2100000, 0x00000000a2100000|100%| O|  |TAMS 0x00000000a2100000, 0x00000000a2000000| Untracked 
|  33|0x00000000a2100000, 0x00000000a2200000, 0x00000000a2200000|100%| O|  |TAMS 0x00000000a2200000, 0x00000000a2100000| Untracked 
|  34|0x00000000a2200000, 0x00000000a2300000, 0x00000000a2300000|100%|HS|  |TAMS 0x00000000a2300000, 0x00000000a2200000| Complete 
|  35|0x00000000a2300000, 0x00000000a2400000, 0x00000000a2400000|100%|HS|  |TAMS 0x00000000a2400000, 0x00000000a2300000| Complete 
|  36|0x00000000a2400000, 0x00000000a2500000, 0x00000000a2500000|100%|HS|  |TAMS 0x00000000a2500000, 0x00000000a2400000| Complete 
|  37|0x00000000a2500000, 0x00000000a2600000, 0x00000000a2600000|100%| O|  |TAMS 0x00000000a2600000, 0x00000000a2500000| Untracked 
|  38|0x00000000a2600000, 0x00000000a2700000, 0x00000000a2700000|100%| O|  |TAMS 0x00000000a2700000, 0x00000000a2600000| Untracked 
|  39|0x00000000a2700000, 0x00000000a2800000, 0x00000000a2800000|100%| O|  |TAMS 0x00000000a2800000, 0x00000000a2700000| Untracked 
|  40|0x00000000a2800000, 0x00000000a2900000, 0x00000000a2900000|100%|HS|  |TAMS 0x00000000a2900000, 0x00000000a2800000| Complete 
|  41|0x00000000a2900000, 0x00000000a2a00000, 0x00000000a2a00000|100%|HC|  |TAMS 0x00000000a2a00000, 0x00000000a2900000| Complete 
|  42|0x00000000a2a00000, 0x00000000a2b00000, 0x00000000a2b00000|100%|HC|  |TAMS 0x00000000a2b00000, 0x00000000a2a00000| Complete 
|  43|0x00000000a2b00000, 0x00000000a2c00000, 0x00000000a2c00000|100%| O|  |TAMS 0x00000000a2c00000, 0x00000000a2b00000| Untracked 
|  44|0x00000000a2c00000, 0x00000000a2d00000, 0x00000000a2d00000|100%|HS|  |TAMS 0x00000000a2d00000, 0x00000000a2c00000| Complete 
|  45|0x00000000a2d00000, 0x00000000a2e00000, 0x00000000a2e00000|100%|HC|  |TAMS 0x00000000a2e00000, 0x00000000a2d00000| Complete 
|  46|0x00000000a2e00000, 0x00000000a2f00000, 0x00000000a2f00000|100%| O|  |TAMS 0x00000000a2f00000, 0x00000000a2e00000| Untracked 
|  47|0x00000000a2f00000, 0x00000000a3000000, 0x00000000a3000000|100%| O|  |TAMS 0x00000000a3000000, 0x00000000a2f00000| Untracked 
|  48|0x00000000a3000000, 0x00000000a3100000, 0x00000000a3100000|100%| O|  |TAMS 0x00000000a3100000, 0x00000000a3000000| Untracked 
|  49|0x00000000a3100000, 0x00000000a3200000, 0x00000000a3200000|100%| O|  |TAMS 0x00000000a3200000, 0x00000000a3100000| Untracked 
|  50|0x00000000a3200000, 0x00000000a3300000, 0x00000000a3300000|100%| O|  |TAMS 0x00000000a3300000, 0x00000000a3200000| Untracked 
|  51|0x00000000a3300000, 0x00000000a3400000, 0x00000000a3400000|100%| O|  |TAMS 0x00000000a3400000, 0x00000000a3300000| Untracked 
|  52|0x00000000a3400000, 0x00000000a3500000, 0x00000000a3500000|100%| O|  |TAMS 0x00000000a3500000, 0x00000000a3400000| Untracked 
|  53|0x00000000a3500000, 0x00000000a3600000, 0x00000000a3600000|100%| O|  |TAMS 0x00000000a3600000, 0x00000000a3500000| Untracked 
|  54|0x00000000a3600000, 0x00000000a3700000, 0x00000000a3700000|100%| O|  |TAMS 0x00000000a3700000, 0x00000000a3600000| Untracked 
|  55|0x00000000a3700000, 0x00000000a3800000, 0x00000000a3800000|100%| O|  |TAMS 0x00000000a3800000, 0x00000000a3700000| Untracked 
|  56|0x00000000a3800000, 0x00000000a3900000, 0x00000000a3900000|100%| O|  |TAMS 0x00000000a3900000, 0x00000000a3800000| Untracked 
|  57|0x00000000a3900000, 0x00000000a3a00000, 0x00000000a3a00000|100%| O|  |TAMS 0x00000000a3a00000, 0x00000000a3900000| Untracked 
|  58|0x00000000a3a00000, 0x00000000a3b00000, 0x00000000a3b00000|100%| O|  |TAMS 0x00000000a3b00000, 0x00000000a3a00000| Untracked 
|  59|0x00000000a3b00000, 0x00000000a3c00000, 0x00000000a3c00000|100%| O|  |TAMS 0x00000000a3c00000, 0x00000000a3b00000| Untracked 
|  60|0x00000000a3c00000, 0x00000000a3d00000, 0x00000000a3d00000|100%| O|  |TAMS 0x00000000a3d00000, 0x00000000a3c00000| Untracked 
|  61|0x00000000a3d00000, 0x00000000a3e00000, 0x00000000a3e00000|100%| O|  |TAMS 0x00000000a3e00000, 0x00000000a3d00000| Untracked 
|  62|0x00000000a3e00000, 0x00000000a3f00000, 0x00000000a3f00000|100%| O|  |TAMS 0x00000000a3f00000, 0x00000000a3e00000| Untracked 
|  63|0x00000000a3f00000, 0x00000000a4000000, 0x00000000a4000000|100%|HS|  |TAMS 0x00000000a4000000, 0x00000000a3f00000| Complete 
|  64|0x00000000a4000000, 0x00000000a4100000, 0x00000000a4100000|100%| O|  |TAMS 0x00000000a4100000, 0x00000000a4000000| Untracked 
|  65|0x00000000a4100000, 0x00000000a4200000, 0x00000000a4200000|100%| O|  |TAMS 0x00000000a4200000, 0x00000000a4100000| Untracked 
|  66|0x00000000a4200000, 0x00000000a4300000, 0x00000000a4300000|100%| O|  |TAMS 0x00000000a4300000, 0x00000000a4200000| Untracked 
|  67|0x00000000a4300000, 0x00000000a4400000, 0x00000000a4400000|100%| O|  |TAMS 0x00000000a4400000, 0x00000000a4300000| Untracked 
|  68|0x00000000a4400000, 0x00000000a4500000, 0x00000000a4500000|100%| O|  |TAMS 0x00000000a4500000, 0x00000000a4400000| Untracked 
|  69|0x00000000a4500000, 0x00000000a4600000, 0x00000000a4600000|100%| O|  |TAMS 0x00000000a4600000, 0x00000000a4500000| Untracked 
|  70|0x00000000a4600000, 0x00000000a4700000, 0x00000000a4700000|100%| O|  |TAMS 0x00000000a4700000, 0x00000000a4600000| Untracked 
|  71|0x00000000a4700000, 0x00000000a4800000, 0x00000000a4800000|100%| O|  |TAMS 0x00000000a4800000, 0x00000000a4700000| Untracked 
|  72|0x00000000a4800000, 0x00000000a4900000, 0x00000000a4900000|100%| O|  |TAMS 0x00000000a4900000, 0x00000000a4800000| Untracked 
|  73|0x00000000a4900000, 0x00000000a4a00000, 0x00000000a4a00000|100%| O|  |TAMS 0x00000000a4a00000, 0x00000000a4900000| Untracked 
|  74|0x00000000a4a00000, 0x00000000a4b00000, 0x00000000a4b00000|100%| O|  |TAMS 0x00000000a4b00000, 0x00000000a4a00000| Untracked 
|  75|0x00000000a4b00000, 0x00000000a4c00000, 0x00000000a4c00000|100%| O|  |TAMS 0x00000000a4c00000, 0x00000000a4b00000| Untracked 
|  76|0x00000000a4c00000, 0x00000000a4d00000, 0x00000000a4d00000|100%| O|  |TAMS 0x00000000a4d00000, 0x00000000a4c00000| Untracked 
|  77|0x00000000a4d00000, 0x00000000a4e00000, 0x00000000a4e00000|100%| O|  |TAMS 0x00000000a4e00000, 0x00000000a4d00000| Untracked 
|  78|0x00000000a4e00000, 0x00000000a4f00000, 0x00000000a4f00000|100%|HS|  |TAMS 0x00000000a4f00000, 0x00000000a4e00000| Complete 
|  79|0x00000000a4f00000, 0x00000000a5000000, 0x00000000a5000000|100%|HS|  |TAMS 0x00000000a5000000, 0x00000000a4f00000| Complete 
|  80|0x00000000a5000000, 0x00000000a5100000, 0x00000000a5100000|100%| O|  |TAMS 0x00000000a5100000, 0x00000000a5000000| Untracked 
|  81|0x00000000a5100000, 0x00000000a5200000, 0x00000000a5200000|100%| O|  |TAMS 0x00000000a5200000, 0x00000000a5100000| Untracked 
|  82|0x00000000a5200000, 0x00000000a5300000, 0x00000000a5300000|100%| O|  |TAMS 0x00000000a5300000, 0x00000000a5200000| Untracked 
|  83|0x00000000a5300000, 0x00000000a5400000, 0x00000000a5400000|100%| O|  |TAMS 0x00000000a5400000, 0x00000000a5300000| Untracked 
|  84|0x00000000a5400000, 0x00000000a5500000, 0x00000000a5500000|100%| O|  |TAMS 0x00000000a5500000, 0x00000000a5400000| Untracked 
|  85|0x00000000a5500000, 0x00000000a5600000, 0x00000000a5600000|100%| O|  |TAMS 0x00000000a5600000, 0x00000000a5500000| Untracked 
|  86|0x00000000a5600000, 0x00000000a5700000, 0x00000000a5700000|100%| O|  |TAMS 0x00000000a5700000, 0x00000000a5600000| Untracked 
|  87|0x00000000a5700000, 0x00000000a5800000, 0x00000000a5800000|100%| O|  |TAMS 0x00000000a5800000, 0x00000000a5700000| Untracked 
|  88|0x00000000a5800000, 0x00000000a5900000, 0x00000000a5900000|100%| O|  |TAMS 0x00000000a5900000, 0x00000000a5800000| Untracked 
|  89|0x00000000a5900000, 0x00000000a5a00000, 0x00000000a5a00000|100%| O|  |TAMS 0x00000000a5a00000, 0x00000000a5900000| Untracked 
|  90|0x00000000a5a00000, 0x00000000a5b00000, 0x00000000a5b00000|100%| O|  |TAMS 0x00000000a5b00000, 0x00000000a5a00000| Untracked 
|  91|0x00000000a5b00000, 0x00000000a5c00000, 0x00000000a5c00000|100%| O|  |TAMS 0x00000000a5b00000, 0x00000000a5b00000| Untracked 
|  92|0x00000000a5c00000, 0x00000000a5d00000, 0x00000000a5d00000|100%|HS|  |TAMS 0x00000000a5d00000, 0x00000000a5c00000| Complete 
|  93|0x00000000a5d00000, 0x00000000a5e00000, 0x00000000a5e00000|100%| O|  |TAMS 0x00000000a5e00000, 0x00000000a5d00000| Untracked 
|  94|0x00000000a5e00000, 0x00000000a5f00000, 0x00000000a5f00000|100%| O|  |TAMS 0x00000000a5f00000, 0x00000000a5e00000| Untracked 
|  95|0x00000000a5f00000, 0x00000000a6000000, 0x00000000a6000000|100%| O|  |TAMS 0x00000000a6000000, 0x00000000a5f00000| Untracked 
|  96|0x00000000a6000000, 0x00000000a6100000, 0x00000000a6100000|100%| O|  |TAMS 0x00000000a6100000, 0x00000000a6000000| Untracked 
|  97|0x00000000a6100000, 0x00000000a6200000, 0x00000000a6200000|100%| O|  |TAMS 0x00000000a6200000, 0x00000000a6100000| Untracked 
|  98|0x00000000a6200000, 0x00000000a6300000, 0x00000000a6300000|100%| O|  |TAMS 0x00000000a6300000, 0x00000000a6200000| Untracked 
|  99|0x00000000a6300000, 0x00000000a6400000, 0x00000000a6400000|100%| O|  |TAMS 0x00000000a6400000, 0x00000000a6300000| Untracked 
| 100|0x00000000a6400000, 0x00000000a6500000, 0x00000000a6500000|100%| O|  |TAMS 0x00000000a6500000, 0x00000000a6400000| Untracked 
| 101|0x00000000a6500000, 0x00000000a6600000, 0x00000000a6600000|100%|HS|  |TAMS 0x00000000a6600000, 0x00000000a6500000| Complete 
| 102|0x00000000a6600000, 0x00000000a6700000, 0x00000000a6700000|100%|HC|  |TAMS 0x00000000a6700000, 0x00000000a6600000| Complete 
| 103|0x00000000a6700000, 0x00000000a6800000, 0x00000000a6800000|100%| O|  |TAMS 0x00000000a6800000, 0x00000000a6700000| Untracked 
| 104|0x00000000a6800000, 0x00000000a6900000, 0x00000000a6900000|100%| O|  |TAMS 0x00000000a6900000, 0x00000000a6800000| Untracked 
| 105|0x00000000a6900000, 0x00000000a6a00000, 0x00000000a6a00000|100%| O|  |TAMS 0x00000000a6a00000, 0x00000000a6900000| Untracked 
| 106|0x00000000a6a00000, 0x00000000a6b00000, 0x00000000a6b00000|100%| O|  |TAMS 0x00000000a6b00000, 0x00000000a6a00000| Untracked 
| 107|0x00000000a6b00000, 0x00000000a6c00000, 0x00000000a6c00000|100%| O|  |TAMS 0x00000000a6c00000, 0x00000000a6b00000| Untracked 
| 108|0x00000000a6c00000, 0x00000000a6d00000, 0x00000000a6d00000|100%| O|  |TAMS 0x00000000a6d00000, 0x00000000a6c00000| Untracked 
| 109|0x00000000a6d00000, 0x00000000a6e00000, 0x00000000a6e00000|100%| O|  |TAMS 0x00000000a6e00000, 0x00000000a6d00000| Untracked 
| 110|0x00000000a6e00000, 0x00000000a6f00000, 0x00000000a6f00000|100%|HS|  |TAMS 0x00000000a6f00000, 0x00000000a6e00000| Complete 
| 111|0x00000000a6f00000, 0x00000000a7000000, 0x00000000a7000000|100%|HS|  |TAMS 0x00000000a7000000, 0x00000000a6f00000| Complete 
| 112|0x00000000a7000000, 0x00000000a7100000, 0x00000000a7100000|100%| O|  |TAMS 0x00000000a7100000, 0x00000000a7000000| Untracked 
| 113|0x00000000a7100000, 0x00000000a7200000, 0x00000000a7200000|100%| O|  |TAMS 0x00000000a7200000, 0x00000000a7100000| Untracked 
| 114|0x00000000a7200000, 0x00000000a7300000, 0x00000000a7300000|100%| O|  |TAMS 0x00000000a7300000, 0x00000000a7200000| Untracked 
| 115|0x00000000a7300000, 0x00000000a7400000, 0x00000000a7400000|100%| O|  |TAMS 0x00000000a7400000, 0x00000000a7300000| Untracked 
| 116|0x00000000a7400000, 0x00000000a7500000, 0x00000000a7500000|100%| O|  |TAMS 0x00000000a7500000, 0x00000000a7400000| Untracked 
| 117|0x00000000a7500000, 0x00000000a7600000, 0x00000000a7600000|100%| O|  |TAMS 0x00000000a7600000, 0x00000000a7500000| Untracked 
| 118|0x00000000a7600000, 0x00000000a7700000, 0x00000000a7700000|100%| O|  |TAMS 0x00000000a7700000, 0x00000000a7600000| Untracked 
| 119|0x00000000a7700000, 0x00000000a7800000, 0x00000000a7800000|100%| O|  |TAMS 0x00000000a7800000, 0x00000000a7700000| Untracked 
| 120|0x00000000a7800000, 0x00000000a7900000, 0x00000000a7900000|100%| O|  |TAMS 0x00000000a7900000, 0x00000000a7800000| Untracked 
| 121|0x00000000a7900000, 0x00000000a7a00000, 0x00000000a7a00000|100%| O|  |TAMS 0x00000000a7a00000, 0x00000000a7900000| Untracked 
| 122|0x00000000a7a00000, 0x00000000a7b00000, 0x00000000a7b00000|100%| O|  |TAMS 0x00000000a7a00000, 0x00000000a7a00000| Untracked 
| 123|0x00000000a7b00000, 0x00000000a7c00000, 0x00000000a7c00000|100%|HS|  |TAMS 0x00000000a7c00000, 0x00000000a7b00000| Complete 
| 124|0x00000000a7c00000, 0x00000000a7d00000, 0x00000000a7d00000|100%|HC|  |TAMS 0x00000000a7d00000, 0x00000000a7c00000| Complete 
| 125|0x00000000a7d00000, 0x00000000a7e00000, 0x00000000a7e00000|100%| O|  |TAMS 0x00000000a7e00000, 0x00000000a7d00000| Untracked 
| 126|0x00000000a7e00000, 0x00000000a7f00000, 0x00000000a7f00000|100%| O|  |TAMS 0x00000000a7f00000, 0x00000000a7e00000| Untracked 
| 127|0x00000000a7f00000, 0x00000000a8000000, 0x00000000a8000000|100%| O|  |TAMS 0x00000000a8000000, 0x00000000a7f00000| Untracked 
| 128|0x00000000a8000000, 0x00000000a8100000, 0x00000000a8100000|100%| O|  |TAMS 0x00000000a8100000, 0x00000000a8000000| Untracked 
| 129|0x00000000a8100000, 0x00000000a8200000, 0x00000000a8200000|100%| O|  |TAMS 0x00000000a8200000, 0x00000000a8100000| Untracked 
| 130|0x00000000a8200000, 0x00000000a8300000, 0x00000000a8300000|100%| O|  |TAMS 0x00000000a8200000, 0x00000000a8200000| Untracked 
| 131|0x00000000a8300000, 0x00000000a8400000, 0x00000000a8400000|100%| O|  |TAMS 0x00000000a8400000, 0x00000000a8300000| Untracked 
| 132|0x00000000a8400000, 0x00000000a8500000, 0x00000000a8500000|100%| O|  |TAMS 0x00000000a8500000, 0x00000000a8400000| Untracked 
| 133|0x00000000a8500000, 0x00000000a8600000, 0x00000000a8600000|100%| O|  |TAMS 0x00000000a8600000, 0x00000000a8500000| Untracked 
| 134|0x00000000a8600000, 0x00000000a8700000, 0x00000000a8700000|100%| O|  |TAMS 0x00000000a8700000, 0x00000000a8600000| Untracked 
| 135|0x00000000a8700000, 0x00000000a8800000, 0x00000000a8800000|100%| O|  |TAMS 0x00000000a8800000, 0x00000000a8700000| Untracked 
| 136|0x00000000a8800000, 0x00000000a8900000, 0x00000000a8900000|100%| O|  |TAMS 0x00000000a8900000, 0x00000000a8800000| Untracked 
| 137|0x00000000a8900000, 0x00000000a8a00000, 0x00000000a8a00000|100%| O|  |TAMS 0x00000000a8a00000, 0x00000000a8900000| Untracked 
| 138|0x00000000a8a00000, 0x00000000a8b00000, 0x00000000a8b00000|100%| O|  |TAMS 0x00000000a8b00000, 0x00000000a8a00000| Untracked 
| 139|0x00000000a8b00000, 0x00000000a8c00000, 0x00000000a8c00000|100%| O|  |TAMS 0x00000000a8c00000, 0x00000000a8b00000| Untracked 
| 140|0x00000000a8c00000, 0x00000000a8d00000, 0x00000000a8d00000|100%| O|  |TAMS 0x00000000a8d00000, 0x00000000a8c00000| Untracked 
| 141|0x00000000a8d00000, 0x00000000a8e00000, 0x00000000a8e00000|100%| O|  |TAMS 0x00000000a8e00000, 0x00000000a8d00000| Untracked 
| 142|0x00000000a8e00000, 0x00000000a8f00000, 0x00000000a8f00000|100%| O|  |TAMS 0x00000000a8f00000, 0x00000000a8e00000| Untracked 
| 143|0x00000000a8f00000, 0x00000000a9000000, 0x00000000a9000000|100%| O|  |TAMS 0x00000000a9000000, 0x00000000a8f00000| Untracked 
| 144|0x00000000a9000000, 0x00000000a9100000, 0x00000000a9100000|100%| O|  |TAMS 0x00000000a9100000, 0x00000000a9000000| Untracked 
| 145|0x00000000a9100000, 0x00000000a9200000, 0x00000000a9200000|100%| O|  |TAMS 0x00000000a9200000, 0x00000000a9100000| Untracked 
| 146|0x00000000a9200000, 0x00000000a9300000, 0x00000000a9300000|100%| O|  |TAMS 0x00000000a9300000, 0x00000000a9200000| Untracked 
| 147|0x00000000a9300000, 0x00000000a9400000, 0x00000000a9400000|100%| O|  |TAMS 0x00000000a9400000, 0x00000000a9300000| Untracked 
| 148|0x00000000a9400000, 0x00000000a9500000, 0x00000000a9500000|100%| O|  |TAMS 0x00000000a9500000, 0x00000000a9400000| Untracked 
| 149|0x00000000a9500000, 0x00000000a9600000, 0x00000000a9600000|100%| O|  |TAMS 0x00000000a9600000, 0x00000000a9500000| Untracked 
| 150|0x00000000a9600000, 0x00000000a9700000, 0x00000000a9700000|100%| O|  |TAMS 0x00000000a9700000, 0x00000000a9600000| Untracked 
| 151|0x00000000a9700000, 0x00000000a9800000, 0x00000000a9800000|100%| O|  |TAMS 0x00000000a9800000, 0x00000000a9700000| Untracked 
| 152|0x00000000a9800000, 0x00000000a9900000, 0x00000000a9900000|100%| O|  |TAMS 0x00000000a9900000, 0x00000000a9800000| Untracked 
| 153|0x00000000a9900000, 0x00000000a9a00000, 0x00000000a9a00000|100%| O|  |TAMS 0x00000000a9923200, 0x00000000a9900000| Untracked 
| 154|0x00000000a9a00000, 0x00000000a9b00000, 0x00000000a9b00000|100%| O|  |TAMS 0x00000000a9a00000, 0x00000000a9a00000| Untracked 
| 155|0x00000000a9b00000, 0x00000000a9c00000, 0x00000000a9c00000|100%| O|  |TAMS 0x00000000a9b00000, 0x00000000a9b00000| Untracked 
| 156|0x00000000a9c00000, 0x00000000a9d00000, 0x00000000a9d00000|100%| O|  |TAMS 0x00000000a9c00000, 0x00000000a9c00000| Untracked 
| 157|0x00000000a9d00000, 0x00000000a9e00000, 0x00000000a9e00000|100%| O|  |TAMS 0x00000000a9d00000, 0x00000000a9d00000| Untracked 
| 158|0x00000000a9e00000, 0x00000000a9f00000, 0x00000000a9f00000|100%| O|  |TAMS 0x00000000a9e00000, 0x00000000a9e00000| Untracked 
| 159|0x00000000a9f00000, 0x00000000aa000000, 0x00000000aa000000|100%| O|  |TAMS 0x00000000a9f00000, 0x00000000a9f00000| Untracked 
| 160|0x00000000aa000000, 0x00000000aa100000, 0x00000000aa100000|100%| O|  |TAMS 0x00000000aa000000, 0x00000000aa000000| Untracked 
| 161|0x00000000aa100000, 0x00000000aa200000, 0x00000000aa200000|100%| O|  |TAMS 0x00000000aa100000, 0x00000000aa100000| Untracked 
| 162|0x00000000aa200000, 0x00000000aa300000, 0x00000000aa300000|100%| O|  |TAMS 0x00000000aa200000, 0x00000000aa200000| Untracked 
| 163|0x00000000aa300000, 0x00000000aa400000, 0x00000000aa400000|100%| O|  |TAMS 0x00000000aa300000, 0x00000000aa300000| Untracked 
| 164|0x00000000aa400000, 0x00000000aa500000, 0x00000000aa500000|100%| O|  |TAMS 0x00000000aa400000, 0x00000000aa400000| Untracked 
| 165|0x00000000aa500000, 0x00000000aa600000, 0x00000000aa600000|100%| O|  |TAMS 0x00000000aa500000, 0x00000000aa500000| Untracked 
| 166|0x00000000aa600000, 0x00000000aa700000, 0x00000000aa700000|100%| O|  |TAMS 0x00000000aa600000, 0x00000000aa600000| Untracked 
| 167|0x00000000aa700000, 0x00000000aa700000, 0x00000000aa800000|  0%| F|  |TAMS 0x00000000aa700000, 0x00000000aa700000| Untracked 
| 168|0x00000000aa800000, 0x00000000aa800000, 0x00000000aa900000|  0%| F|  |TAMS 0x00000000aa800000, 0x00000000aa800000| Untracked 
| 169|0x00000000aa900000, 0x00000000aa900000, 0x00000000aaa00000|  0%| F|  |TAMS 0x00000000aa900000, 0x00000000aa900000| Untracked 
| 170|0x00000000aaa00000, 0x00000000aab00000, 0x00000000aab00000|100%| O|  |TAMS 0x00000000aaa00000, 0x00000000aaa00000| Untracked 
| 171|0x00000000aab00000, 0x00000000aac00000, 0x00000000aac00000|100%| O|  |TAMS 0x00000000aab00000, 0x00000000aab00000| Untracked 
| 172|0x00000000aac00000, 0x00000000aad00000, 0x00000000aad00000|100%| O|  |TAMS 0x00000000aac00000, 0x00000000aac00000| Untracked 
| 173|0x00000000aad00000, 0x00000000aae00000, 0x00000000aae00000|100%| O|  |TAMS 0x00000000aad00000, 0x00000000aad00000| Untracked 
| 174|0x00000000aae00000, 0x00000000aaf00000, 0x00000000aaf00000|100%| O|  |TAMS 0x00000000aae00000, 0x00000000aae00000| Untracked 
| 175|0x00000000aaf00000, 0x00000000aaff9400, 0x00000000ab000000| 97%| O|  |TAMS 0x00000000aaf00000, 0x00000000aaf00000| Untracked 
| 176|0x00000000ab000000, 0x00000000ab000000, 0x00000000ab100000|  0%| F|  |TAMS 0x00000000ab000000, 0x00000000ab000000| Untracked 
| 177|0x00000000ab100000, 0x00000000ab100000, 0x00000000ab200000|  0%| F|  |TAMS 0x00000000ab100000, 0x00000000ab100000| Untracked 
| 178|0x00000000ab200000, 0x00000000ab200000, 0x00000000ab300000|  0%| F|  |TAMS 0x00000000ab200000, 0x00000000ab200000| Untracked 
| 179|0x00000000ab300000, 0x00000000ab300000, 0x00000000ab400000|  0%| F|  |TAMS 0x00000000ab300000, 0x00000000ab300000| Untracked 
| 180|0x00000000ab400000, 0x00000000ab400000, 0x00000000ab500000|  0%| F|  |TAMS 0x00000000ab400000, 0x00000000ab400000| Untracked 
| 181|0x00000000ab500000, 0x00000000ab500000, 0x00000000ab600000|  0%| F|  |TAMS 0x00000000ab500000, 0x00000000ab500000| Untracked 
| 182|0x00000000ab600000, 0x00000000ab600000, 0x00000000ab700000|  0%| F|  |TAMS 0x00000000ab600000, 0x00000000ab600000| Untracked 
| 183|0x00000000ab700000, 0x00000000ab700000, 0x00000000ab800000|  0%| F|  |TAMS 0x00000000ab700000, 0x00000000ab700000| Untracked 
| 184|0x00000000ab800000, 0x00000000ab800000, 0x00000000ab900000|  0%| F|  |TAMS 0x00000000ab800000, 0x00000000ab800000| Untracked 
| 185|0x00000000ab900000, 0x00000000ab900000, 0x00000000aba00000|  0%| F|  |TAMS 0x00000000ab900000, 0x00000000ab900000| Untracked 
| 186|0x00000000aba00000, 0x00000000aba00000, 0x00000000abb00000|  0%| F|  |TAMS 0x00000000aba00000, 0x00000000aba00000| Untracked 
| 187|0x00000000abb00000, 0x00000000abb00000, 0x00000000abc00000|  0%| F|  |TAMS 0x00000000abb00000, 0x00000000abb00000| Untracked 
| 188|0x00000000abc00000, 0x00000000abc00000, 0x00000000abd00000|  0%| F|  |TAMS 0x00000000abc00000, 0x00000000abc00000| Untracked 
| 189|0x00000000abd00000, 0x00000000abd00000, 0x00000000abe00000|  0%| F|  |TAMS 0x00000000abd00000, 0x00000000abd00000| Untracked 
| 190|0x00000000abe00000, 0x00000000abe00000, 0x00000000abf00000|  0%| F|  |TAMS 0x00000000abe00000, 0x00000000abe00000| Untracked 
| 191|0x00000000abf00000, 0x00000000abf00000, 0x00000000ac000000|  0%| F|  |TAMS 0x00000000abf00000, 0x00000000abf00000| Untracked 
| 192|0x00000000ac000000, 0x00000000ac000000, 0x00000000ac100000|  0%| F|  |TAMS 0x00000000ac000000, 0x00000000ac000000| Untracked 
| 193|0x00000000ac100000, 0x00000000ac100000, 0x00000000ac200000|  0%| F|  |TAMS 0x00000000ac100000, 0x00000000ac100000| Untracked 
| 194|0x00000000ac200000, 0x00000000ac200000, 0x00000000ac300000|  0%| F|  |TAMS 0x00000000ac200000, 0x00000000ac200000| Untracked 
| 195|0x00000000ac300000, 0x00000000ac300000, 0x00000000ac400000|  0%| F|  |TAMS 0x00000000ac300000, 0x00000000ac300000| Untracked 
| 196|0x00000000ac400000, 0x00000000ac400000, 0x00000000ac500000|  0%| F|  |TAMS 0x00000000ac400000, 0x00000000ac400000| Untracked 
| 197|0x00000000ac500000, 0x00000000ac500000, 0x00000000ac600000|  0%| F|  |TAMS 0x00000000ac500000, 0x00000000ac500000| Untracked 
| 198|0x00000000ac600000, 0x00000000ac600000, 0x00000000ac700000|  0%| F|  |TAMS 0x00000000ac600000, 0x00000000ac600000| Untracked 
| 199|0x00000000ac700000, 0x00000000ac700000, 0x00000000ac800000|  0%| F|  |TAMS 0x00000000ac700000, 0x00000000ac700000| Untracked 
| 200|0x00000000ac800000, 0x00000000ac800000, 0x00000000ac900000|  0%| F|  |TAMS 0x00000000ac800000, 0x00000000ac800000| Untracked 
| 201|0x00000000ac900000, 0x00000000ac900000, 0x00000000aca00000|  0%| F|  |TAMS 0x00000000ac900000, 0x00000000ac900000| Untracked 
| 202|0x00000000aca00000, 0x00000000aca00000, 0x00000000acb00000|  0%| F|  |TAMS 0x00000000aca00000, 0x00000000aca00000| Untracked 
| 203|0x00000000acb00000, 0x00000000acb00000, 0x00000000acc00000|  0%| F|  |TAMS 0x00000000acb00000, 0x00000000acb00000| Untracked 
| 204|0x00000000acc00000, 0x00000000acc00000, 0x00000000acd00000|  0%| F|  |TAMS 0x00000000acc00000, 0x00000000acc00000| Untracked 
| 205|0x00000000acd00000, 0x00000000acd00000, 0x00000000ace00000|  0%| F|  |TAMS 0x00000000acd00000, 0x00000000acd00000| Untracked 
| 206|0x00000000ace00000, 0x00000000ace00000, 0x00000000acf00000|  0%| F|  |TAMS 0x00000000ace00000, 0x00000000ace00000| Untracked 
| 207|0x00000000acf00000, 0x00000000acf00000, 0x00000000ad000000|  0%| F|  |TAMS 0x00000000acf00000, 0x00000000acf00000| Untracked 
| 208|0x00000000ad000000, 0x00000000ad000000, 0x00000000ad100000|  0%| F|  |TAMS 0x00000000ad000000, 0x00000000ad000000| Untracked 
| 209|0x00000000ad100000, 0x00000000ad100000, 0x00000000ad200000|  0%| F|  |TAMS 0x00000000ad100000, 0x00000000ad100000| Untracked 
| 210|0x00000000ad200000, 0x00000000ad200000, 0x00000000ad300000|  0%| F|  |TAMS 0x00000000ad200000, 0x00000000ad200000| Untracked 
| 211|0x00000000ad300000, 0x00000000ad300000, 0x00000000ad400000|  0%| F|  |TAMS 0x00000000ad300000, 0x00000000ad300000| Untracked 
| 212|0x00000000ad400000, 0x00000000ad400000, 0x00000000ad500000|  0%| F|  |TAMS 0x00000000ad400000, 0x00000000ad400000| Untracked 
| 213|0x00000000ad500000, 0x00000000ad500000, 0x00000000ad600000|  0%| F|  |TAMS 0x00000000ad500000, 0x00000000ad500000| Untracked 
| 214|0x00000000ad600000, 0x00000000ad600000, 0x00000000ad700000|  0%| F|  |TAMS 0x00000000ad600000, 0x00000000ad600000| Untracked 
| 215|0x00000000ad700000, 0x00000000ad700000, 0x00000000ad800000|  0%| F|  |TAMS 0x00000000ad700000, 0x00000000ad700000| Untracked 
| 216|0x00000000ad800000, 0x00000000ad800000, 0x00000000ad900000|  0%| F|  |TAMS 0x00000000ad800000, 0x00000000ad800000| Untracked 
| 217|0x00000000ad900000, 0x00000000ad900000, 0x00000000ada00000|  0%| F|  |TAMS 0x00000000ad900000, 0x00000000ad900000| Untracked 
| 218|0x00000000ada00000, 0x00000000ada00000, 0x00000000adb00000|  0%| F|  |TAMS 0x00000000ada00000, 0x00000000ada00000| Untracked 
| 219|0x00000000adb00000, 0x00000000adb00000, 0x00000000adc00000|  0%| F|  |TAMS 0x00000000adb00000, 0x00000000adb00000| Untracked 
| 220|0x00000000adc00000, 0x00000000adc00000, 0x00000000add00000|  0%| F|  |TAMS 0x00000000adc00000, 0x00000000adc00000| Untracked 
| 221|0x00000000add00000, 0x00000000add00000, 0x00000000ade00000|  0%| F|  |TAMS 0x00000000add00000, 0x00000000add00000| Untracked 
| 222|0x00000000ade00000, 0x00000000ade00000, 0x00000000adf00000|  0%| F|  |TAMS 0x00000000ade00000, 0x00000000ade00000| Untracked 
| 223|0x00000000adf00000, 0x00000000adf00000, 0x00000000ae000000|  0%| F|  |TAMS 0x00000000adf00000, 0x00000000adf00000| Untracked 
| 224|0x00000000ae000000, 0x00000000ae000000, 0x00000000ae100000|  0%| F|  |TAMS 0x00000000ae000000, 0x00000000ae000000| Untracked 
| 225|0x00000000ae100000, 0x00000000ae100000, 0x00000000ae200000|  0%| F|  |TAMS 0x00000000ae100000, 0x00000000ae100000| Untracked 
| 226|0x00000000ae200000, 0x00000000ae200000, 0x00000000ae300000|  0%| F|  |TAMS 0x00000000ae200000, 0x00000000ae200000| Untracked 
| 227|0x00000000ae300000, 0x00000000ae300000, 0x00000000ae400000|  0%| F|  |TAMS 0x00000000ae300000, 0x00000000ae300000| Untracked 
| 228|0x00000000ae400000, 0x00000000ae400000, 0x00000000ae500000|  0%| F|  |TAMS 0x00000000ae400000, 0x00000000ae400000| Untracked 
| 229|0x00000000ae500000, 0x00000000ae500000, 0x00000000ae600000|  0%| F|  |TAMS 0x00000000ae500000, 0x00000000ae500000| Untracked 
| 230|0x00000000ae600000, 0x00000000ae600000, 0x00000000ae700000|  0%| F|  |TAMS 0x00000000ae600000, 0x00000000ae600000| Untracked 
| 231|0x00000000ae700000, 0x00000000ae700000, 0x00000000ae800000|  0%| F|  |TAMS 0x00000000ae700000, 0x00000000ae700000| Untracked 
| 232|0x00000000ae800000, 0x00000000ae800000, 0x00000000ae900000|  0%| F|  |TAMS 0x00000000ae800000, 0x00000000ae800000| Untracked 
| 233|0x00000000ae900000, 0x00000000ae900000, 0x00000000aea00000|  0%| F|  |TAMS 0x00000000ae900000, 0x00000000ae900000| Untracked 
| 234|0x00000000aea00000, 0x00000000aea00000, 0x00000000aeb00000|  0%| F|  |TAMS 0x00000000aea00000, 0x00000000aea00000| Untracked 
| 235|0x00000000aeb00000, 0x00000000aeb00000, 0x00000000aec00000|  0%| F|  |TAMS 0x00000000aeb00000, 0x00000000aeb00000| Untracked 
| 236|0x00000000aec00000, 0x00000000aec00000, 0x00000000aed00000|  0%| F|  |TAMS 0x00000000aec00000, 0x00000000aec00000| Untracked 
| 237|0x00000000aed00000, 0x00000000aed00000, 0x00000000aee00000|  0%| F|  |TAMS 0x00000000aed00000, 0x00000000aed00000| Untracked 
| 238|0x00000000aee00000, 0x00000000aee00000, 0x00000000aef00000|  0%| F|  |TAMS 0x00000000aee00000, 0x00000000aee00000| Untracked 
| 239|0x00000000aef00000, 0x00000000aef00000, 0x00000000af000000|  0%| F|  |TAMS 0x00000000aef00000, 0x00000000aef00000| Untracked 
| 240|0x00000000af000000, 0x00000000af000000, 0x00000000af100000|  0%| F|  |TAMS 0x00000000af000000, 0x00000000af000000| Untracked 
| 241|0x00000000af100000, 0x00000000af100000, 0x00000000af200000|  0%| F|  |TAMS 0x00000000af100000, 0x00000000af100000| Untracked 
| 242|0x00000000af200000, 0x00000000af200000, 0x00000000af300000|  0%| F|  |TAMS 0x00000000af200000, 0x00000000af200000| Untracked 
| 243|0x00000000af300000, 0x00000000af400000, 0x00000000af400000|100%| S|CS|TAMS 0x00000000af300000, 0x00000000af300000| Complete 
| 244|0x00000000af400000, 0x00000000af500000, 0x00000000af500000|100%| S|CS|TAMS 0x00000000af400000, 0x00000000af400000| Complete 
| 245|0x00000000af500000, 0x00000000af600000, 0x00000000af600000|100%| S|CS|TAMS 0x00000000af500000, 0x00000000af500000| Complete 
| 246|0x00000000af600000, 0x00000000af700000, 0x00000000af700000|100%| S|CS|TAMS 0x00000000af600000, 0x00000000af600000| Complete 
| 247|0x00000000af700000, 0x00000000af800000, 0x00000000af800000|100%| S|CS|TAMS 0x00000000af700000, 0x00000000af700000| Complete 
| 248|0x00000000af800000, 0x00000000af900000, 0x00000000af900000|100%| S|CS|TAMS 0x00000000af800000, 0x00000000af800000| Complete 
| 249|0x00000000af900000, 0x00000000afa00000, 0x00000000afa00000|100%| S|CS|TAMS 0x00000000af900000, 0x00000000af900000| Complete 
| 250|0x00000000afa00000, 0x00000000afa00000, 0x00000000afb00000|  0%| F|  |TAMS 0x00000000afa00000, 0x00000000afa00000| Untracked 
| 251|0x00000000afb00000, 0x00000000afb00000, 0x00000000afc00000|  0%| F|  |TAMS 0x00000000afb00000, 0x00000000afb00000| Untracked 
| 252|0x00000000afc00000, 0x00000000afc00000, 0x00000000afd00000|  0%| F|  |TAMS 0x00000000afc00000, 0x00000000afc00000| Untracked 
| 253|0x00000000afd00000, 0x00000000afd00000, 0x00000000afe00000|  0%| F|  |TAMS 0x00000000afd00000, 0x00000000afd00000| Untracked 
| 254|0x00000000afe00000, 0x00000000afe00000, 0x00000000aff00000|  0%| F|  |TAMS 0x00000000afe00000, 0x00000000afe00000| Untracked 
| 255|0x00000000aff00000, 0x00000000aff00000, 0x00000000b0000000|  0%| F|  |TAMS 0x00000000aff00000, 0x00000000aff00000| Untracked 
| 256|0x00000000b0000000, 0x00000000b0000000, 0x00000000b0100000|  0%| F|  |TAMS 0x00000000b0000000, 0x00000000b0000000| Untracked 
| 257|0x00000000b0100000, 0x00000000b0100000, 0x00000000b0200000|  0%| F|  |TAMS 0x00000000b0100000, 0x00000000b0100000| Untracked 
| 258|0x00000000b0200000, 0x00000000b0200000, 0x00000000b0300000|  0%| F|  |TAMS 0x00000000b0200000, 0x00000000b0200000| Untracked 
| 259|0x00000000b0300000, 0x00000000b0300000, 0x00000000b0400000|  0%| F|  |TAMS 0x00000000b0300000, 0x00000000b0300000| Untracked 
| 260|0x00000000b0400000, 0x00000000b0400000, 0x00000000b0500000|  0%| F|  |TAMS 0x00000000b0400000, 0x00000000b0400000| Untracked 
| 261|0x00000000b0500000, 0x00000000b0500000, 0x00000000b0600000|  0%| F|  |TAMS 0x00000000b0500000, 0x00000000b0500000| Untracked 
| 262|0x00000000b0600000, 0x00000000b0600000, 0x00000000b0700000|  0%| F|  |TAMS 0x00000000b0600000, 0x00000000b0600000| Untracked 
| 263|0x00000000b0700000, 0x00000000b0700000, 0x00000000b0800000|  0%| F|  |TAMS 0x00000000b0700000, 0x00000000b0700000| Untracked 
| 264|0x00000000b0800000, 0x00000000b0800000, 0x00000000b0900000|  0%| F|  |TAMS 0x00000000b0800000, 0x00000000b0800000| Untracked 
| 265|0x00000000b0900000, 0x00000000b0900000, 0x00000000b0a00000|  0%| F|  |TAMS 0x00000000b0900000, 0x00000000b0900000| Untracked 
| 266|0x00000000b0a00000, 0x00000000b0a00000, 0x00000000b0b00000|  0%| F|  |TAMS 0x00000000b0a00000, 0x00000000b0a00000| Untracked 
| 267|0x00000000b0b00000, 0x00000000b0b00000, 0x00000000b0c00000|  0%| F|  |TAMS 0x00000000b0b00000, 0x00000000b0b00000| Untracked 
| 268|0x00000000b0c00000, 0x00000000b0c00000, 0x00000000b0d00000|  0%| F|  |TAMS 0x00000000b0c00000, 0x00000000b0c00000| Untracked 
| 269|0x00000000b0d00000, 0x00000000b0d00000, 0x00000000b0e00000|  0%| F|  |TAMS 0x00000000b0d00000, 0x00000000b0d00000| Untracked 
| 270|0x00000000b0e00000, 0x00000000b0e00000, 0x00000000b0f00000|  0%| F|  |TAMS 0x00000000b0e00000, 0x00000000b0e00000| Untracked 
| 271|0x00000000b0f00000, 0x00000000b0f00000, 0x00000000b1000000|  0%| F|  |TAMS 0x00000000b0f00000, 0x00000000b0f00000| Untracked 
| 272|0x00000000b1000000, 0x00000000b1000000, 0x00000000b1100000|  0%| F|  |TAMS 0x00000000b1000000, 0x00000000b1000000| Untracked 
| 273|0x00000000b1100000, 0x00000000b1100000, 0x00000000b1200000|  0%| F|  |TAMS 0x00000000b1100000, 0x00000000b1100000| Untracked 
| 274|0x00000000b1200000, 0x00000000b1200000, 0x00000000b1300000|  0%| F|  |TAMS 0x00000000b1200000, 0x00000000b1200000| Untracked 
| 275|0x00000000b1300000, 0x00000000b1300000, 0x00000000b1400000|  0%| F|  |TAMS 0x00000000b1300000, 0x00000000b1300000| Untracked 
| 276|0x00000000b1400000, 0x00000000b1400000, 0x00000000b1500000|  0%| F|  |TAMS 0x00000000b1400000, 0x00000000b1400000| Untracked 
| 277|0x00000000b1500000, 0x00000000b1500000, 0x00000000b1600000|  0%| F|  |TAMS 0x00000000b1500000, 0x00000000b1500000| Untracked 
| 278|0x00000000b1600000, 0x00000000b1600000, 0x00000000b1700000|  0%| F|  |TAMS 0x00000000b1600000, 0x00000000b1600000| Untracked 
| 279|0x00000000b1700000, 0x00000000b1700000, 0x00000000b1800000|  0%| F|  |TAMS 0x00000000b1700000, 0x00000000b1700000| Untracked 
| 280|0x00000000b1800000, 0x00000000b1800000, 0x00000000b1900000|  0%| F|  |TAMS 0x00000000b1800000, 0x00000000b1800000| Untracked 
| 281|0x00000000b1900000, 0x00000000b1900000, 0x00000000b1a00000|  0%| F|  |TAMS 0x00000000b1900000, 0x00000000b1900000| Untracked 
| 282|0x00000000b1a00000, 0x00000000b1a00000, 0x00000000b1b00000|  0%| F|  |TAMS 0x00000000b1a00000, 0x00000000b1a00000| Untracked 
| 283|0x00000000b1b00000, 0x00000000b1b00000, 0x00000000b1c00000|  0%| F|  |TAMS 0x00000000b1b00000, 0x00000000b1b00000| Untracked 
| 284|0x00000000b1c00000, 0x00000000b1c00000, 0x00000000b1d00000|  0%| F|  |TAMS 0x00000000b1c00000, 0x00000000b1c00000| Untracked 
| 285|0x00000000b1d00000, 0x00000000b1d00000, 0x00000000b1e00000|  0%| F|  |TAMS 0x00000000b1d00000, 0x00000000b1d00000| Untracked 
| 286|0x00000000b1e00000, 0x00000000b1e00000, 0x00000000b1f00000|  0%| F|  |TAMS 0x00000000b1e00000, 0x00000000b1e00000| Untracked 
| 287|0x00000000b1f00000, 0x00000000b1f00000, 0x00000000b2000000|  0%| F|  |TAMS 0x00000000b1f00000, 0x00000000b1f00000| Untracked 
| 288|0x00000000b2000000, 0x00000000b2000000, 0x00000000b2100000|  0%| F|  |TAMS 0x00000000b2000000, 0x00000000b2000000| Untracked 
| 289|0x00000000b2100000, 0x00000000b2100000, 0x00000000b2200000|  0%| F|  |TAMS 0x00000000b2100000, 0x00000000b2100000| Untracked 
| 290|0x00000000b2200000, 0x00000000b2200000, 0x00000000b2300000|  0%| F|  |TAMS 0x00000000b2200000, 0x00000000b2200000| Untracked 
| 291|0x00000000b2300000, 0x00000000b2300000, 0x00000000b2400000|  0%| F|  |TAMS 0x00000000b2300000, 0x00000000b2300000| Untracked 
| 292|0x00000000b2400000, 0x00000000b2400000, 0x00000000b2500000|  0%| F|  |TAMS 0x00000000b2400000, 0x00000000b2400000| Untracked 
| 293|0x00000000b2500000, 0x00000000b2500000, 0x00000000b2600000|  0%| F|  |TAMS 0x00000000b2500000, 0x00000000b2500000| Untracked 
| 294|0x00000000b2600000, 0x00000000b2600000, 0x00000000b2700000|  0%| F|  |TAMS 0x00000000b2600000, 0x00000000b2600000| Untracked 
| 295|0x00000000b2700000, 0x00000000b2700000, 0x00000000b2800000|  0%| F|  |TAMS 0x00000000b2700000, 0x00000000b2700000| Untracked 
| 296|0x00000000b2800000, 0x00000000b2800000, 0x00000000b2900000|  0%| F|  |TAMS 0x00000000b2800000, 0x00000000b2800000| Untracked 
| 297|0x00000000b2900000, 0x00000000b2900000, 0x00000000b2a00000|  0%| F|  |TAMS 0x00000000b2900000, 0x00000000b2900000| Untracked 
| 298|0x00000000b2a00000, 0x00000000b2a00000, 0x00000000b2b00000|  0%| F|  |TAMS 0x00000000b2a00000, 0x00000000b2a00000| Untracked 
| 299|0x00000000b2b00000, 0x00000000b2b00000, 0x00000000b2c00000|  0%| F|  |TAMS 0x00000000b2b00000, 0x00000000b2b00000| Untracked 
| 300|0x00000000b2c00000, 0x00000000b2c00000, 0x00000000b2d00000|  0%| F|  |TAMS 0x00000000b2c00000, 0x00000000b2c00000| Untracked 
| 301|0x00000000b2d00000, 0x00000000b2d00000, 0x00000000b2e00000|  0%| F|  |TAMS 0x00000000b2d00000, 0x00000000b2d00000| Untracked 
| 302|0x00000000b2e00000, 0x00000000b2e00000, 0x00000000b2f00000|  0%| F|  |TAMS 0x00000000b2e00000, 0x00000000b2e00000| Untracked 
| 303|0x00000000b2f00000, 0x00000000b2f00000, 0x00000000b3000000|  0%| F|  |TAMS 0x00000000b2f00000, 0x00000000b2f00000| Untracked 
| 304|0x00000000b3000000, 0x00000000b3000000, 0x00000000b3100000|  0%| F|  |TAMS 0x00000000b3000000, 0x00000000b3000000| Untracked 
| 305|0x00000000b3100000, 0x00000000b3100000, 0x00000000b3200000|  0%| F|  |TAMS 0x00000000b3100000, 0x00000000b3100000| Untracked 
| 306|0x00000000b3200000, 0x00000000b3200000, 0x00000000b3300000|  0%| F|  |TAMS 0x00000000b3200000, 0x00000000b3200000| Untracked 
| 307|0x00000000b3300000, 0x00000000b3300000, 0x00000000b3400000|  0%| F|  |TAMS 0x00000000b3300000, 0x00000000b3300000| Untracked 
| 308|0x00000000b3400000, 0x00000000b3400000, 0x00000000b3500000|  0%| F|  |TAMS 0x00000000b3400000, 0x00000000b3400000| Untracked 
| 309|0x00000000b3500000, 0x00000000b3500000, 0x00000000b3600000|  0%| F|  |TAMS 0x00000000b3500000, 0x00000000b3500000| Untracked 
| 310|0x00000000b3600000, 0x00000000b3600000, 0x00000000b3700000|  0%| F|  |TAMS 0x00000000b3600000, 0x00000000b3600000| Untracked 
| 311|0x00000000b3700000, 0x00000000b3700000, 0x00000000b3800000|  0%| F|  |TAMS 0x00000000b3700000, 0x00000000b3700000| Untracked 
| 312|0x00000000b3800000, 0x00000000b3800000, 0x00000000b3900000|  0%| F|  |TAMS 0x00000000b3800000, 0x00000000b3800000| Untracked 
| 313|0x00000000b3900000, 0x00000000b3900000, 0x00000000b3a00000|  0%| F|  |TAMS 0x00000000b3900000, 0x00000000b3900000| Untracked 
| 314|0x00000000b3a00000, 0x00000000b3a00000, 0x00000000b3b00000|  0%| F|  |TAMS 0x00000000b3a00000, 0x00000000b3a00000| Untracked 
| 315|0x00000000b3b00000, 0x00000000b3b00000, 0x00000000b3c00000|  0%| F|  |TAMS 0x00000000b3b00000, 0x00000000b3b00000| Untracked 
| 316|0x00000000b3c00000, 0x00000000b3c00000, 0x00000000b3d00000|  0%| F|  |TAMS 0x00000000b3c00000, 0x00000000b3c00000| Untracked 
| 317|0x00000000b3d00000, 0x00000000b3e00000, 0x00000000b3e00000|100%| E|  |TAMS 0x00000000b3d00000, 0x00000000b3d00000| Complete 
| 318|0x00000000b3e00000, 0x00000000b3f00000, 0x00000000b3f00000|100%| E|CS|TAMS 0x00000000b3e00000, 0x00000000b3e00000| Complete 
| 319|0x00000000b3f00000, 0x00000000b4000000, 0x00000000b4000000|100%| E|CS|TAMS 0x00000000b3f00000, 0x00000000b3f00000| Complete 
| 320|0x00000000b4000000, 0x00000000b4100000, 0x00000000b4100000|100%| E|CS|TAMS 0x00000000b4000000, 0x00000000b4000000| Complete 

Card table byte_map: [0x00000211ff450000,0x00000211ff750000] _byte_map_base: 0x00000211fef50000

Marking Bits (Prev, Next): (CMBitMap*) 0x00000211ecfd83c0, (CMBitMap*) 0x00000211ecfd8380
 Prev Bits: [0x0000021181800000, 0x0000021183000000)
 Next Bits: [0x0000021180000000, 0x0000021181800000)

Polling page: 0x00000211eae20000

Metaspace:

Usage:
  Non-class:     87.49 MB used.
      Class:     13.95 MB used.
       Both:    101.44 MB used.

Virtual space:
  Non-class space:       96.00 MB reserved,      88.19 MB ( 92%) committed,  12 nodes.
      Class space:        1.00 GB reserved,      14.50 MB (  1%) committed,  1 nodes.
             Both:        1.09 GB reserved,     102.69 MB (  9%) committed. 

Chunk freelists:
   Non-Class:  2.88 MB
       Class:  1.34 MB
        Both:  4.22 MB

MaxMetaspaceSize: unlimited
CompressedClassSpaceSize: 1.00 GB
Initial GC threshold: 21.00 MB
Current GC threshold: 165.31 MB
CDS: off
MetaspaceReclaimPolicy: balanced
 - commit_granule_bytes: 65536.
 - commit_granule_words: 8192.
 - virtual_space_node_default_size: 1048576.
 - enlarge_chunks_in_place: 1.
 - new_chunks_are_fully_committed: 0.
 - uncommit_free_chunks: 1.
 - use_allocation_guard: 0.
 - handle_deallocations: 1.


Internal statistics:

num_allocs_failed_limit: 6.
num_arena_births: 1692.
num_arena_deaths: 0.
num_vsnodes_births: 13.
num_vsnodes_deaths: 0.
num_space_committed: 1643.
num_space_uncommitted: 0.
num_chunks_returned_to_freelist: 6.
num_chunks_taken_from_freelist: 6025.
num_chunk_merges: 3.
num_chunk_splits: 3733.
num_chunks_enlarged: 2189.
num_purges: 0.
num_inconsistent_stats: 0.

CodeHeap 'non-profiled nmethods': size=120064Kb used=9251Kb max_used=9251Kb free=110812Kb
 bounds [0x00000211f7f10000, 0x00000211f8820000, 0x00000211ff450000]
CodeHeap 'profiled nmethods': size=120000Kb used=24704Kb max_used=24704Kb free=95296Kb
 bounds [0x00000211f0450000, 0x00000211f1cb0000, 0x00000211f7980000]
CodeHeap 'non-nmethods': size=5696Kb used=2391Kb max_used=2438Kb free=3304Kb
 bounds [0x00000211f7980000, 0x00000211f7bf0000, 0x00000211f7f10000]
 total_blobs=13738 nmethods=12804 adapters=847
 compilation: enabled
              stopped_count=0, restarted_count=0
 full_count=0

Compilation events (20 events):
Event: 311.406 Thread 0x00000211ffe6db90 nmethod 15203 0x00000211f1130210 code [0x00000211f1130560, 0x00000211f1131b28]
Event: 311.471 Thread 0x00000211ffe6db90 15204       3       com.google.common.base.Strings::isNullOrEmpty (5 bytes)
Event: 311.472 Thread 0x00000211ffe6db90 nmethod 15204 0x00000211f0ff3210 code [0x00000211f0ff33c0, 0x00000211f0ff3678]
Event: 311.472 Thread 0x00000211ffe55ba0 15205       4       org.gradle.internal.operations.DefaultBuildOperationRunner::assertParentRunning (47 bytes)
Event: 311.473 Thread 0x00000211ffe55ba0 nmethod 15205 0x00000211f8810c10 code [0x00000211f8810d80, 0x00000211f8810e18]
Event: 311.476 Thread 0x00000211ffe6db90 15206   !   3       jdk.internal.reflect.GeneratedMethodAccessor39::invoke (65 bytes)
Event: 311.477 Thread 0x00000211ffe6db90 nmethod 15206 0x00000211f0ff2690 code [0x00000211f0ff28a0, 0x00000211f0ff2ed8]
Event: 311.481 Thread 0x00000211ffe55ba0 15207   !   4       org.codehaus.groovy.reflection.ClassInfo::getMetaClass (33 bytes)
Event: 311.485 Thread 0x00000211ffe6db90 15209       3       org.codehaus.groovy.runtime.callsite.PogoGetPropertySite::acceptGroovyObjectGetProperty (23 bytes)
Event: 311.486 Thread 0x00000211ffe6db90 nmethod 15209 0x00000211f0ff2110 code [0x00000211f0ff22c0, 0x00000211f0ff24c8]
Event: 311.490 Thread 0x00000211ffe6db90 15210       1       org.gradle.model.internal.registry.ModelNodeInternal::getState (5 bytes)
Event: 311.490 Thread 0x00000211ffe6db90 nmethod 15210 0x00000211f8810f10 code [0x00000211f88110a0, 0x00000211f8811178]
Event: 311.881 Thread 0x00000211ffe6db90 15211       3       java.nio.MappedByteBuffer::flip (5 bytes)
Event: 311.881 Thread 0x00000211ffe6db90 nmethod 15211 0x00000211f112fd10 code [0x00000211f112fec0, 0x00000211f11300f8]
Event: 311.918 Thread 0x00000211ffe6db90 15212       3       org.gradle.api.internal.initialization.DefaultClassLoaderScope::getExportClassLoader (9 bytes)
Event: 311.919 Thread 0x00000211ffe6db90 nmethod 15212 0x00000211f12d2890 code [0x00000211f12d2a20, 0x00000211f12d2b68]
Event: 311.959 Thread 0x00000211ffe55ba0 nmethod 15207 0x00000211f8811210 code [0x00000211f8811740, 0x00000211f8816b30]
Event: 311.960 Thread 0x00000211ffe55ba0 15208       4       org.gradle.internal.logging.sink.OutputEventTransformer::onOutput (399 bytes)
Event: 312.148 Thread 0x00000211ffe6db90 15213       1       org.gradle.internal.service.scopes.ProjectScopeServices$ScriptScopedContext::isScript (2 bytes)
Event: 312.148 Thread 0x00000211ffe6db90 nmethod 15213 0x00000211f8818a90 code [0x00000211f8818c20, 0x00000211f8818cf8]

GC Heap History (20 events):
Event: 164.727 GC heap before
{Heap before GC invocations=58 (full 0):
 garbage-first heap   total 203776K, used 165800K [0x00000000a0000000, 0x0000000100000000)
  region size 1024K, 27 young (27648K), 4 survivors (4096K)
 Metaspace       used 93363K, committed 94336K, reserved 1130496K
  class space    used 12846K, committed 13248K, reserved 1048576K
}
Event: 164.759 GC heap after
{Heap after GC invocations=59 (full 0):
 garbage-first heap   total 203776K, used 147816K [0x00000000a0000000, 0x0000000100000000)
  region size 1024K, 4 young (4096K), 4 survivors (4096K)
 Metaspace       used 93363K, committed 94336K, reserved 1130496K
  class space    used 12846K, committed 13248K, reserved 1048576K
}
Event: 167.947 GC heap before
{Heap before GC invocations=59 (full 0):
 garbage-first heap   total 203776K, used 168296K [0x00000000a0000000, 0x0000000100000000)
  region size 1024K, 24 young (24576K), 4 survivors (4096K)
 Metaspace       used 95973K, committed 97024K, reserved 1138688K
  class space    used 13270K, committed 13696K, reserved 1048576K
}
Event: 167.969 GC heap after
{Heap after GC invocations=60 (full 0):
 garbage-first heap   total 203776K, used 149335K [0x00000000a0000000, 0x0000000100000000)
  region size 1024K, 2 young (2048K), 2 survivors (2048K)
 Metaspace       used 95973K, committed 97024K, reserved 1138688K
  class space    used 13270K, committed 13696K, reserved 1048576K
}
Event: 169.964 GC heap before
{Heap before GC invocations=60 (full 0):
 garbage-first heap   total 203776K, used 169815K [0x00000000a0000000, 0x0000000100000000)
  region size 1024K, 22 young (22528K), 2 survivors (2048K)
 Metaspace       used 98663K, committed 99648K, reserved 1138688K
  class space    used 13599K, committed 14016K, reserved 1048576K
}
Event: 169.974 GC heap after
{Heap after GC invocations=61 (full 0):
 garbage-first heap   total 203776K, used 150700K [0x00000000a0000000, 0x0000000100000000)
  region size 1024K, 3 young (3072K), 3 survivors (3072K)
 Metaspace       used 98663K, committed 99648K, reserved 1138688K
  class space    used 13599K, committed 14016K, reserved 1048576K
}
Event: 171.136 GC heap before
{Heap before GC invocations=61 (full 0):
 garbage-first heap   total 203776K, used 172204K [0x00000000a0000000, 0x0000000100000000)
  region size 1024K, 24 young (24576K), 3 survivors (3072K)
 Metaspace       used 99944K, committed 100928K, reserved 1138688K
  class space    used 13777K, committed 14208K, reserved 1048576K
}
Event: 171.154 GC heap after
{Heap after GC invocations=62 (full 0):
 garbage-first heap   total 203776K, used 152539K [0x00000000a0000000, 0x0000000100000000)
  region size 1024K, 3 young (3072K), 3 survivors (3072K)
 Metaspace       used 99944K, committed 100928K, reserved 1138688K
  class space    used 13777K, committed 14208K, reserved 1048576K
}
Event: 173.439 GC heap before
{Heap before GC invocations=62 (full 0):
 garbage-first heap   total 203776K, used 174043K [0x00000000a0000000, 0x0000000100000000)
  region size 1024K, 24 young (24576K), 3 survivors (3072K)
 Metaspace       used 100382K, committed 101440K, reserved 1138688K
  class space    used 13806K, committed 14272K, reserved 1048576K
}
Event: 173.488 GC heap after
{Heap after GC invocations=63 (full 0):
 garbage-first heap   total 203776K, used 159848K [0x00000000a0000000, 0x0000000100000000)
  region size 1024K, 3 young (3072K), 3 survivors (3072K)
 Metaspace       used 100382K, committed 101440K, reserved 1138688K
  class space    used 13806K, committed 14272K, reserved 1048576K
}
Event: 174.324 GC heap before
{Heap before GC invocations=63 (full 0):
 garbage-first heap   total 203776K, used 173160K [0x00000000a0000000, 0x0000000100000000)
  region size 1024K, 16 young (16384K), 3 survivors (3072K)
 Metaspace       used 100491K, committed 101568K, reserved 1138688K
  class space    used 13819K, committed 14272K, reserved 1048576K
}
Event: 174.373 GC heap after
{Heap after GC invocations=64 (full 0):
 garbage-first heap   total 203776K, used 164315K [0x00000000a0000000, 0x0000000100000000)
  region size 1024K, 2 young (2048K), 2 survivors (2048K)
 Metaspace       used 100491K, committed 101568K, reserved 1138688K
  class space    used 13819K, committed 14272K, reserved 1048576K
}
Event: 175.964 GC heap before
{Heap before GC invocations=65 (full 0):
 garbage-first heap   total 276480K, used 174555K [0x00000000a0000000, 0x0000000100000000)
  region size 1024K, 12 young (12288K), 2 survivors (2048K)
 Metaspace       used 100597K, committed 101696K, reserved 1138688K
  class space    used 13830K, committed 14272K, reserved 1048576K
}
Event: 175.989 GC heap after
{Heap after GC invocations=66 (full 0):
 garbage-first heap   total 276480K, used 167899K [0x00000000a0000000, 0x0000000100000000)
  region size 1024K, 2 young (2048K), 2 survivors (2048K)
 Metaspace       used 100597K, committed 101696K, reserved 1138688K
  class space    used 13830K, committed 14272K, reserved 1048576K
}
Event: 176.848 GC heap before
{Heap before GC invocations=66 (full 0):
 garbage-first heap   total 276480K, used 179163K [0x00000000a0000000, 0x0000000100000000)
  region size 1024K, 13 young (13312K), 2 survivors (2048K)
 Metaspace       used 100754K, committed 101824K, reserved 1138688K
  class space    used 13845K, committed 14272K, reserved 1048576K
}
Event: 176.906 GC heap after
{Heap after GC invocations=67 (full 0):
 garbage-first heap   total 276480K, used 169305K [0x00000000a0000000, 0x0000000100000000)
  region size 1024K, 2 young (2048K), 2 survivors (2048K)
 Metaspace       used 100754K, committed 101824K, reserved 1138688K
  class space    used 13845K, committed 14272K, reserved 1048576K
}
Event: 181.466 GC heap before
{Heap before GC invocations=67 (full 0):
 garbage-first heap   total 276480K, used 215385K [0x00000000a0000000, 0x0000000100000000)
  region size 1024K, 47 young (48128K), 2 survivors (2048K)
 Metaspace       used 101868K, committed 102976K, reserved 1138688K
  class space    used 14000K, committed 14464K, reserved 1048576K
}
Event: 181.599 GC heap after
{Heap after GC invocations=68 (full 0):
 garbage-first heap   total 328704K, used 176871K [0x00000000a0000000, 0x0000000100000000)
  region size 1024K, 6 young (6144K), 6 survivors (6144K)
 Metaspace       used 101868K, committed 102976K, reserved 1138688K
  class space    used 14000K, committed 14464K, reserved 1048576K
}
Event: 310.356 GC heap before
{Heap before GC invocations=68 (full 0):
 garbage-first heap   total 328704K, used 252647K [0x00000000a0000000, 0x0000000100000000)
  region size 1024K, 77 young (78848K), 6 survivors (6144K)
 Metaspace       used 103830K, committed 105088K, reserved 1146880K
  class space    used 14278K, committed 14848K, reserved 1048576K
}
Event: 310.662 GC heap after
{Heap after GC invocations=69 (full 0):
 garbage-first heap   total 328704K, used 184256K [0x00000000a0000000, 0x0000000100000000)
  region size 1024K, 7 young (7168K), 7 survivors (7168K)
 Metaspace       used 103830K, committed 105088K, reserved 1146880K
  class space    used 14278K, committed 14848K, reserved 1048576K
}

Dll operation events (2 events):
Event: 0.023 Loaded shared library C:\Program Files\Android\Android Studio\jbr\bin\java.dll
Event: 3.313 Loaded shared library C:\Program Files\Android\Android Studio\jbr\bin\verify.dll

Deoptimization events (20 events):
Event: 307.134 Thread 0x000002118ac729b0 Uncommon trap: trap_request=0xffffffc6 fr.pc=0x00000211f8749a64 relative=0x0000000000003844
Event: 307.134 Thread 0x000002118ac729b0 Uncommon trap: reason=bimorphic_or_optimized_type_check action=maybe_recompile pc=0x00000211f8749a64 method=org.gradle.api.internal.collections.CollectionFilter$1.execute(Ljava/lang/Object;)V @ 18 c2
Event: 307.134 Thread 0x000002118ac729b0 DEOPT PACKING pc=0x00000211f8749a64 sp=0x000000f581df3750
Event: 307.134 Thread 0x000002118ac729b0 DEOPT UNPACKING pc=0x00000211f79d699d sp=0x000000f581df3750 mode 2
Event: 307.134 Thread 0x000002118ac729b0 Uncommon trap: trap_request=0xfffffff4 fr.pc=0x00000211f868291c relative=0x00000000000000fc
Event: 307.134 Thread 0x000002118ac729b0 Uncommon trap: reason=null_check action=make_not_entrant pc=0x00000211f868291c method=org.gradle.api.internal.collections.CollectionFilter.filter(Ljava/lang/Object;)Ljava/lang/Object; @ 5 c2
Event: 307.134 Thread 0x000002118ac729b0 DEOPT PACKING pc=0x00000211f868291c sp=0x000000f581df3060
Event: 307.134 Thread 0x000002118ac729b0 DEOPT UNPACKING pc=0x00000211f79d699d sp=0x000000f581df3000 mode 2
Event: 309.250 Thread 0x000002118ac729b0 Uncommon trap: trap_request=0xffffffc6 fr.pc=0x00000211f87efd8c relative=0x00000000000000ec
Event: 309.250 Thread 0x000002118ac729b0 Uncommon trap: reason=bimorphic_or_optimized_type_check action=maybe_recompile pc=0x00000211f87efd8c method=com.android.build.api.artifact.impl.ArtifactsImpl.calculateFileName(Lcom/android/build/api/artifact/Artifact$Single;)Ljava/lang/String; @ 51 c2
Event: 309.250 Thread 0x000002118ac729b0 DEOPT PACKING pc=0x00000211f87efd8c sp=0x000000f581df4dc0
Event: 309.250 Thread 0x000002118ac729b0 DEOPT UNPACKING pc=0x00000211f79d699d sp=0x000000f581df4d48 mode 2
Event: 309.336 Thread 0x000002118ac729b0 Uncommon trap: trap_request=0xffffffc6 fr.pc=0x00000211f87efd8c relative=0x00000000000000ec
Event: 309.336 Thread 0x000002118ac729b0 Uncommon trap: reason=bimorphic_or_optimized_type_check action=maybe_recompile pc=0x00000211f87efd8c method=com.android.build.api.artifact.impl.ArtifactsImpl.calculateFileName(Lcom/android/build/api/artifact/Artifact$Single;)Ljava/lang/String; @ 51 c2
Event: 309.336 Thread 0x000002118ac729b0 DEOPT PACKING pc=0x00000211f87efd8c sp=0x000000f581df4d10
Event: 309.336 Thread 0x000002118ac729b0 DEOPT UNPACKING pc=0x00000211f79d699d sp=0x000000f581df4c88 mode 2
Event: 309.356 Thread 0x000002118ac729b0 Uncommon trap: trap_request=0xffffffc6 fr.pc=0x00000211f87efd8c relative=0x00000000000000ec
Event: 309.356 Thread 0x000002118ac729b0 Uncommon trap: reason=bimorphic_or_optimized_type_check action=maybe_recompile pc=0x00000211f87efd8c method=com.android.build.api.artifact.impl.ArtifactsImpl.calculateFileName(Lcom/android/build/api/artifact/Artifact$Single;)Ljava/lang/String; @ 51 c2
Event: 309.356 Thread 0x000002118ac729b0 DEOPT PACKING pc=0x00000211f87efd8c sp=0x000000f581df4d10
Event: 309.356 Thread 0x000002118ac729b0 DEOPT UNPACKING pc=0x00000211f79d699d sp=0x000000f581df4c88 mode 2

Classes unloaded (0 events):
No events

Classes redefined (0 events):
No events

Internal exceptions (20 events):
Event: 182.145 Thread 0x000002118ac729b0 Exception <a 'java/lang/ClassNotFoundException'{0x00000000b3bdf540}: org/gradle/api/logging/LogLevelBeanInfo> (0x00000000b3bdf540) 
thrown [s\src\hotspot\share\classfile\systemDictionary.cpp, line 256]
Event: 182.148 Thread 0x000002118ac729b0 Exception <a 'java/lang/ClassNotFoundException'{0x00000000b3bf25a0}: org/gradle/api/logging/LogLevelCustomizer> (0x00000000b3bf25a0) 
thrown [s\src\hotspot\share\classfile\systemDictionary.cpp, line 256]
Event: 182.154 Thread 0x000002118ac729b0 Exception <a 'java/lang/ClassNotFoundException'{0x00000000b3a3c340}: org/gradle/internal/logging/services/DefaultLoggingManagerBeanInfo> (0x00000000b3a3c340) 
thrown [s\src\hotspot\share\classfile\systemDictionary.cpp, line 256]
Event: 182.156 Thread 0x000002118ac729b0 Exception <a 'java/lang/ClassNotFoundException'{0x00000000b3a4fc60}: org/gradle/internal/logging/services/DefaultLoggingManagerCustomizer> (0x00000000b3a4fc60) 
thrown [s\src\hotspot\share\classfile\systemDictionary.cpp, line 256]
Event: 182.241 Thread 0x000002118ac729b0 Exception <a 'java/lang/ClassNotFoundException'{0x00000000b3a8c538}: java/lang/BooleanBeanInfo> (0x00000000b3a8c538) 
thrown [s\src\hotspot\share\classfile\systemDictionary.cpp, line 256]
Event: 182.241 Thread 0x000002118ac729b0 Exception <a 'java/lang/ClassNotFoundException'{0x00000000b3a94218}: java/lang/BooleanCustomizer> (0x00000000b3a94218) 
thrown [s\src\hotspot\share\classfile\systemDictionary.cpp, line 256]
Event: 182.469 Thread 0x000002118ac6f4c0 Exception <a 'java/lang/NoSuchMethodError'{0x00000000b3af4fd8}: 'void java.lang.invoke.DirectMethodHandle$Holder.invokeStatic(java.lang.Object, long)'> (0x00000000b3af4fd8) 
thrown [s\src\hotspot\share\interpreter\linkResolver.cpp, line 771]
Event: 182.471 Thread 0x000002118ac6f4c0 Exception <a 'java/lang/NoSuchMethodError'{0x00000000b3afa248}: 'java.lang.Object java.lang.invoke.DirectMethodHandle$Holder.newInvokeSpecial(java.lang.Object, long)'> (0x00000000b3afa248) 
thrown [s\src\hotspot\share\interpreter\linkResolver.cpp, line 771]
Event: 182.476 Thread 0x000002118ac6f4c0 Exception <a 'java/lang/NoSuchMethodError'{0x00000000b39011a0}: 'java.lang.Object java.lang.invoke.DirectMethodHandle$Holder.invokeStatic(java.lang.Object, java.lang.Object, long, java.lang.Object)'> (0x00000000b39011a0) 
thrown [s\src\hotspot\share\interpreter\linkResolver.cpp, line 771]
Event: 182.478 Thread 0x000002118ac6f4c0 Exception <a 'java/lang/NoSuchMethodError'{0x00000000b3904bf0}: 'java.lang.Object java.lang.invoke.DirectMethodHandle$Holder.invokeStaticInit(java.lang.Object, java.lang.Object, long, java.lang.Object)'> (0x00000000b3904bf0) 
thrown [s\src\hotspot\share\interpreter\linkResolver.cpp, line 771]
Event: 204.731 Thread 0x000002118ac729b0 Exception <a 'java/lang/reflect/InvocationTargetException'{0x00000000b383f170}> (0x00000000b383f170) 
thrown [s\src\hotspot\share\runtime\reflection.cpp, line 1127]
Event: 208.256 Thread 0x0000021186505540 Implicit null exception at 0x00000211f8024cf9 to 0x00000211f80253c8
Event: 208.256 Thread 0x0000021186505540 Implicit null exception at 0x00000211f811f60f to 0x00000211f811f65c
Event: 209.316 Thread 0x000002118688a140 Exception <a 'java/lang/NoSuchMethodError'{0x00000000b3132c28}: static Lorg/gradle/tooling/internal/provider/serialization/ClassLoaderDetails;.<clinit>()V> (0x00000000b3132c28) 
thrown [s\src\hotspot\share\prims\jni.cpp, line 1108]
Event: 209.326 Thread 0x000002118688a140 Exception <a 'java/lang/NoSuchMethodError'{0x00000000b31449c0}: static Lorg/gradle/tooling/internal/provider/serialization/WellKnownClassLoaderRegistry$KnownClassLoaderSpec;.<clinit>()V> (0x00000000b31449c0) 
thrown [s\src\hotspot\share\prims\jni.cpp, line 1108]
Event: 209.327 Thread 0x000002118688a140 Exception <a 'java/lang/NoSuchMethodError'{0x00000000b3146038}: static Lorg/gradle/internal/classloader/ClassLoaderSpec;.<clinit>()V> (0x00000000b3146038) 
thrown [s\src\hotspot\share\prims\jni.cpp, line 1108]
Event: 209.336 Thread 0x000002118688a140 Exception <a 'java/lang/NoSuchMethodError'{0x00000000b3157ca8}: static Lorg/gradle/internal/classloader/ClassLoaderSpec;.<clinit>()V> (0x00000000b3157ca8) 
thrown [s\src\hotspot\share\prims\jni.cpp, line 1108]
Event: 209.338 Thread 0x000002118688a140 Exception <a 'java/lang/NoSuchMethodError'{0x00000000b31637d0}: static Lorg/gradle/internal/classloader/VisitableURLClassLoader$Spec;.<clinit>()V> (0x00000000b31637d0) 
thrown [s\src\hotspot\share\prims\jni.cpp, line 1108]
Event: 306.562 Thread 0x000002118ac729b0 Exception <a 'sun/nio/fs/WindowsException'{0x00000000b0101d38}> (0x00000000b0101d38) 
thrown [s\src\hotspot\share\prims\jni.cpp, line 517]
Event: 307.134 Thread 0x000002118ac729b0 Implicit null exception at 0x00000211f868285b to 0x00000211f8682908

VM Operations (20 events):
Event: 301.757 Executing VM operation: Cleanup
Event: 301.780 Executing VM operation: Cleanup done
Event: 302.806 Executing VM operation: Cleanup
Event: 302.825 Executing VM operation: Cleanup done
Event: 303.840 Executing VM operation: Cleanup
Event: 303.840 Executing VM operation: Cleanup done
Event: 304.849 Executing VM operation: Cleanup
Event: 304.849 Executing VM operation: Cleanup done
Event: 305.858 Executing VM operation: Cleanup
Event: 305.858 Executing VM operation: Cleanup done
Event: 306.868 Executing VM operation: Cleanup
Event: 306.912 Executing VM operation: Cleanup done
Event: 307.917 Executing VM operation: Cleanup
Event: 308.395 Executing VM operation: Cleanup done
Event: 309.397 Executing VM operation: Cleanup
Event: 309.457 Executing VM operation: Cleanup done
Event: 310.356 Executing VM operation: G1CollectForAllocation
Event: 310.669 Executing VM operation: G1CollectForAllocation done
Event: 311.699 Executing VM operation: Cleanup
Event: 311.882 Executing VM operation: Cleanup done

Events (20 events):
Event: 298.372 Thread 0x0000021188b4c050 Thread added: 0x0000021188b4c050
Event: 298.372 Thread 0x0000021188b4c520 Thread added: 0x0000021188b4c520
Event: 298.374 Thread 0x0000021188b451a0 Thread added: 0x0000021188b451a0
Event: 298.375 Thread 0x00000211888ab190 Thread added: 0x00000211888ab190
Event: 298.380 Thread 0x00000211888ad340 Thread added: 0x00000211888ad340
Event: 298.380 Thread 0x00000211888b0d00 Thread added: 0x00000211888b0d00
Event: 298.381 Thread 0x00000211888af4f0 Thread added: 0x00000211888af4f0
Event: 298.381 Thread 0x00000211888adce0 Thread added: 0x00000211888adce0
Event: 298.381 Thread 0x00000211888ab660 Thread added: 0x00000211888ab660
Event: 298.381 Thread 0x00000211888b0830 Thread added: 0x00000211888b0830
Event: 298.381 Thread 0x00000211888ae1b0 Thread added: 0x00000211888ae1b0
Event: 298.382 Thread 0x00000211888b16a0 Thread added: 0x00000211888b16a0
Event: 298.382 Thread 0x00000211888ae680 Thread added: 0x00000211888ae680
Event: 298.383 Thread 0x00000211888aeb50 Thread added: 0x00000211888aeb50
Event: 298.383 Thread 0x00000211888abb30 Thread added: 0x00000211888abb30
Event: 299.232 Thread 0x00000211888af020 Thread added: 0x00000211888af020
Event: 300.670 Thread 0x00000211888b1b70 Thread added: 0x00000211888b1b70
Event: 303.414 Thread 0x000002118703fbb0 Thread added: 0x000002118703fbb0
Event: 303.424 Thread 0x0000021187040080 Thread added: 0x0000021187040080
Event: 303.429 Thread 0x000002118703ded0 Thread added: 0x000002118703ded0


Dynamic libraries:
0x00007ff6b2fa0000 - 0x00007ff6b2faa000 	C:\Program Files\Android\Android Studio\jbr\bin\java.exe
0x00007ffe2d9f0000 - 0x00007ffe2dbd1000 	C:\WINDOWS\SYSTEM32\ntdll.dll
0x00007ffe2d220000 - 0x00007ffe2d2d1000 	C:\WINDOWS\System32\KERNEL32.DLL
0x00007ffe2abf0000 - 0x00007ffe2ae63000 	C:\WINDOWS\System32\KERNELBASE.dll
0x00007ffe2aaf0000 - 0x00007ffe2abe8000 	C:\WINDOWS\System32\ucrtbase.dll
0x00007ffe1a060000 - 0x00007ffe1a077000 	C:\Program Files\Android\Android Studio\jbr\bin\jli.dll
0x00007ffe2c9b0000 - 0x00007ffe2cb40000 	C:\WINDOWS\System32\USER32.dll
0x00007ffe29e50000 - 0x00007ffe29e70000 	C:\WINDOWS\System32\win32u.dll
0x00007ffe2af10000 - 0x00007ffe2af38000 	C:\WINDOWS\System32\GDI32.dll
0x00007ffe2a060000 - 0x00007ffe2a1f1000 	C:\WINDOWS\System32\gdi32full.dll
0x00007ffe29db0000 - 0x00007ffe29e4f000 	C:\WINDOWS\System32\msvcp_win.dll
0x00007ffe1cb60000 - 0x00007ffe1cb7b000 	C:\Program Files\Android\Android Studio\jbr\bin\VCRUNTIME140.dll
0x00007ffe17130000 - 0x00007ffe17399000 	C:\WINDOWS\WinSxS\amd64_microsoft.windows.common-controls_6595b64144ccf1df_6.0.17134.1304_none_d3fbe61b7c93d9f0\COMCTL32.dll
0x00007ffe2ae70000 - 0x00007ffe2af0e000 	C:\WINDOWS\System32\msvcrt.dll
0x00007ffe2cd30000 - 0x00007ffe2d051000 	C:\WINDOWS\System32\combase.dll
0x00007ffe2cba0000 - 0x00007ffe2ccc4000 	C:\WINDOWS\System32\RPCRT4.dll
0x00007ffe2a300000 - 0x00007ffe2a379000 	C:\WINDOWS\System32\bcryptPrimitives.dll
0x00007ffe2d990000 - 0x00007ffe2d9bd000 	C:\WINDOWS\System32\IMM32.DLL
0x00007ffe23040000 - 0x00007ffe2304c000 	C:\Program Files\Android\Android Studio\jbr\bin\vcruntime140_1.dll
0x00007ffe1e5c0000 - 0x00007ffe1e64d000 	C:\Program Files\Android\Android Studio\jbr\bin\msvcp140.dll
0x00007ffe18ad0000 - 0x00007ffe1973e000 	C:\Program Files\Android\Android Studio\jbr\bin\server\jvm.dll
0x00007ffe2d480000 - 0x00007ffe2d521000 	C:\WINDOWS\System32\ADVAPI32.dll
0x00007ffe2d1c0000 - 0x00007ffe2d21b000 	C:\WINDOWS\System32\sechost.dll
0x00007ffe23630000 - 0x00007ffe23639000 	C:\WINDOWS\SYSTEM32\WSOCK32.dll
0x00007ffe2c850000 - 0x00007ffe2c8bc000 	C:\WINDOWS\System32\WS2_32.dll
0x00007ffe27a50000 - 0x00007ffe27a73000 	C:\WINDOWS\SYSTEM32\WINMM.dll
0x00007ffe1e7f0000 - 0x00007ffe1e7fa000 	C:\WINDOWS\SYSTEM32\VERSION.dll
0x00007ffe27a20000 - 0x00007ffe27a4a000 	C:\WINDOWS\SYSTEM32\WINMMBASE.dll
0x00007ffe2a2b0000 - 0x00007ffe2a2f9000 	C:\WINDOWS\System32\cfgmgr32.dll
0x00007ffe29cf0000 - 0x00007ffe29d01000 	C:\WINDOWS\System32\kernel.appcore.dll
0x00007ffe1e680000 - 0x00007ffe1e68a000 	C:\Program Files\Android\Android Studio\jbr\bin\jimage.dll
0x00007ffe25460000 - 0x00007ffe25629000 	C:\WINDOWS\SYSTEM32\DBGHELP.DLL
0x00007ffe25280000 - 0x00007ffe252a9000 	C:\WINDOWS\SYSTEM32\dbgcore.DLL
0x00007ffe1ac70000 - 0x00007ffe1ac95000 	C:\Program Files\Android\Android Studio\jbr\bin\java.dll
0x00007ffe1ac50000 - 0x00007ffe1ac68000 	C:\Program Files\Android\Android Studio\jbr\bin\zip.dll
0x00007ffe2b3a0000 - 0x00007ffe2c7e5000 	C:\WINDOWS\System32\SHELL32.dll
0x00007ffe2d3d0000 - 0x00007ffe2d479000 	C:\WINDOWS\System32\shcore.dll
0x00007ffe2a3e0000 - 0x00007ffe2aaf0000 	C:\WINDOWS\System32\windows.storage.dll
0x00007ffe2cb40000 - 0x00007ffe2cb91000 	C:\WINDOWS\System32\shlwapi.dll
0x00007ffe29d30000 - 0x00007ffe29d4f000 	C:\WINDOWS\System32\profapi.dll
0x00007ffe29d50000 - 0x00007ffe29d9c000 	C:\WINDOWS\System32\powrprof.dll
0x00007ffe29da0000 - 0x00007ffe29daa000 	C:\WINDOWS\System32\FLTLIB.DLL
0x00007ffe1ac30000 - 0x00007ffe1ac49000 	C:\Program Files\Android\Android Studio\jbr\bin\net.dll
0x00007ffe22a40000 - 0x00007ffe22b1d000 	C:\WINDOWS\SYSTEM32\WINHTTP.dll
0x00007ffe29510000 - 0x00007ffe29576000 	C:\WINDOWS\system32\mswsock.dll
0x00007ffe1ac10000 - 0x00007ffe1ac26000 	C:\Program Files\Android\Android Studio\jbr\bin\nio.dll
0x00007ffe1cf90000 - 0x00007ffe1cfa0000 	C:\Program Files\Android\Android Studio\jbr\bin\verify.dll
0x00007ffe1e510000 - 0x00007ffe1e537000 	C:\Users\ALIEN\.gradle\native\e1d6ef7f7dcc3fd88c89a11ec53ec762bb8ba0a96d01ffa2cd45eb1d1d8dd5c5\windows-amd64\native-platform.dll
0x00007ffe1e3c0000 - 0x00007ffe1e504000 	C:\Users\ALIEN\.gradle\native\0d407fdbe67a94daf76414ababcb853783967236a71b16ec16e742cd7a986fd3\windows-amd64\native-platform-file-events.dll
0x00007ffe1c210000 - 0x00007ffe1c219000 	C:\Program Files\Android\Android Studio\jbr\bin\management.dll
0x00007ffe1ac00000 - 0x00007ffe1ac0b000 	C:\Program Files\Android\Android Studio\jbr\bin\management_ext.dll
0x00007ffe2d530000 - 0x00007ffe2d538000 	C:\WINDOWS\System32\PSAPI.DLL
0x00007ffe296c0000 - 0x00007ffe296d7000 	C:\WINDOWS\SYSTEM32\CRYPTSP.dll
0x00007ffe290c0000 - 0x00007ffe290f3000 	C:\WINDOWS\system32\rsaenh.dll
0x00007ffe297f0000 - 0x00007ffe29815000 	C:\WINDOWS\SYSTEM32\bcrypt.dll
0x00007ffe29bf0000 - 0x00007ffe29c18000 	C:\WINDOWS\SYSTEM32\USERENV.dll
0x00007ffe296e0000 - 0x00007ffe296eb000 	C:\WINDOWS\SYSTEM32\CRYPTBASE.dll
0x00007ffe29260000 - 0x00007ffe29298000 	C:\WINDOWS\SYSTEM32\IPHLPAPI.DLL
0x00007ffe2b390000 - 0x00007ffe2b398000 	C:\WINDOWS\System32\NSI.dll
0x00007ffe23fe0000 - 0x00007ffe23ff6000 	C:\WINDOWS\SYSTEM32\dhcpcsvc6.DLL
0x00007ffe235a0000 - 0x00007ffe235ba000 	C:\WINDOWS\SYSTEM32\dhcpcsvc.DLL
0x00007ffe1a050000 - 0x00007ffe1a057000 	C:\WINDOWS\system32\wshunix.dll

dbghelp: loaded successfully - version: 4.0.5 - missing functions: none
symbol engine: initialized successfully - sym options: 0x614 - pdb path: .;C:\Program Files\Android\Android Studio\jbr\bin;C:\WINDOWS\SYSTEM32;C:\WINDOWS\WinSxS\amd64_microsoft.windows.common-controls_6595b64144ccf1df_6.0.17134.1304_none_d3fbe61b7c93d9f0;C:\Program Files\Android\Android Studio\jbr\bin\server;C:\Users\ALIEN\.gradle\native\e1d6ef7f7dcc3fd88c89a11ec53ec762bb8ba0a96d01ffa2cd45eb1d1d8dd5c5\windows-amd64;C:\Users\ALIEN\.gradle\native\0d407fdbe67a94daf76414ababcb853783967236a71b16ec16e742cd7a986fd3\windows-amd64

VM Arguments:
jvm_args: --add-opens=java.base/java.util=ALL-UNNAMED --add-opens=java.base/java.lang=ALL-UNNAMED --add-opens=java.base/java.lang.invoke=ALL-UNNAMED --add-opens=java.base/java.util=ALL-UNNAMED --add-opens=java.prefs/java.util.prefs=ALL-UNNAMED --add-opens=java.prefs/java.util.prefs=ALL-UNNAMED --add-opens=java.base/java.nio.charset=ALL-UNNAMED --add-opens=java.base/java.net=ALL-UNNAMED --add-opens=java.base/java.util.concurrent.atomic=ALL-UNNAMED -Xmx1536M -Dfile.encoding=windows-1252 -Duser.country=IN -Duser.language=en -Duser.variant 
java_command: org.gradle.launcher.daemon.bootstrap.GradleDaemon 7.5
java_class_path (initial): C:\Users\ALIEN\.gradle\wrapper\dists\gradle-7.5-all\6qsw290k5lz422uaf8jf6m7co\gradle-7.5\lib\gradle-launcher-7.5.jar
Launcher Type: SUN_STANDARD

[Global flags]
     intx CICompilerCount                          = 2                                         {product} {ergonomic}
     uint ConcGCThreads                            = 1                                         {product} {ergonomic}
     uint G1ConcRefinementThreads                  = 2                                         {product} {ergonomic}
   size_t G1HeapRegionSize                         = 1048576                                   {product} {ergonomic}
    uintx GCDrainStackTargetSize                   = 64                                        {product} {ergonomic}
   size_t InitialHeapSize                          = 67108864                                  {product} {ergonomic}
   size_t MarkStackSize                            = 4194304                                   {product} {ergonomic}
   size_t MaxHeapSize                              = 1610612736                                {product} {command line}
   size_t MaxNewSize                               = 965738496                                 {product} {ergonomic}
   size_t MinHeapDeltaBytes                        = 1048576                                   {product} {ergonomic}
   size_t MinHeapSize                              = 8388608                                   {product} {ergonomic}
    uintx NonNMethodCodeHeapSize                   = 5826188                                {pd product} {ergonomic}
    uintx NonProfiledCodeHeapSize                  = 122916026                              {pd product} {ergonomic}
    uintx ProfiledCodeHeapSize                     = 122916026                              {pd product} {ergonomic}
    uintx ReservedCodeCacheSize                    = 251658240                              {pd product} {ergonomic}
     bool SegmentedCodeCache                       = true                                      {product} {ergonomic}
   size_t SoftMaxHeapSize                          = 1610612736                             {manageable} {ergonomic}
     bool UseCompressedClassPointers               = true                           {product lp64_product} {ergonomic}
     bool UseCompressedOops                        = true                           {product lp64_product} {ergonomic}
     bool UseG1GC                                  = true                                      {product} {ergonomic}
     bool UseLargePagesIndividualAllocation        = false                                  {pd product} {ergonomic}

Logging:
Log output configuration:
 #0: stdout all=warning uptime,level,tags
 #1: stderr all=off uptime,level,tags

Environment Variables:
JAVA_HOME=C:\Program Files\Android\Android Studio\jbr
CLASSPATH=C:\Users\ALIEN\Desktop\ameerunisatailors\android\\gradle\wrapper\gradle-wrapper.jar
PATH=C:\Program Files\Android\Android Studio\jbr\bin;C:\Program Files\Common Files\Oracle\Java\javapath;C:\Program Files (x86)\Common Files\Oracle\Java\javapath;C:\WINDOWS\system32;C:\WINDOWS;C:\WINDOWS\System32\Wbem;C:\WINDOWS\System32\WindowsPowerShell\v1.0\;C:\WINDOWS\System32\OpenSSH\;C:\Program Files\nodejs\;C:\Users\ALIEN\AppData\Local\Programs\Python\Python311\Scripts\;C:\Users\ALIEN\AppData\Local\Programs\Python\Python311\;C:\Users\ALIEN\AppData\Local\Microsoft\WindowsApps;C:\Users\ALIEN\AppData\Local\Programs\Microsoft VS Code\bin;D:\flutter\bin;C:\Users\ALIEN\AppData\Roaming\npm;D:\flutter\bin\mingit\cmd
USERNAME=ALIEN
OS=Windows_NT
PROCESSOR_IDENTIFIER=Intel64 Family 6 Model 23 Stepping 10, GenuineIntel
TMP=C:\Users\ALIEN\AppData\Local\Temp
TEMP=C:\Users\ALIEN\AppData\Local\Temp


JNI global refs:
JNI global refs: 24, weak refs: 0

JNI global refs memory usage: 843, weak refs: 841


---------------  S Y S T E M  ---------------

OS:
 Windows 10 , 64 bit Build 17134 (10.0.17134.753)
OS uptime: 0 days 1:59 hours

CPU: total 2 (initial active 2) (2 cores per cpu, 1 threads per core) family 6 model 23 stepping 10 microcode 0xa0c, cx8, cmov, fxsr, mmx, sse, sse2, sse3, ssse3, tsc, clflush

Memory: 4k page, system-wide physical 4085M (252M free)
TotalPageFile size 9085M (AvailPageFile size 5M)
current process WorkingSet (physical memory assigned to process): 272M, peak: 484M
current process commit charge ("private bytes"): 626M, peak: 630M

vm_info: OpenJDK 64-Bit Server VM (17.0.6+0-b2043.56-10027231) for windows-amd64 JRE (17.0.6+0-b2043.56-10027231), built on Apr 28 2023 00:43:19 by "androidbuild" with MS VC++ 16.10 / 16.11 (VS2019)

END.
